                                                 P T O L E M Y
 April 2007 version     Computer: Intel Pentium, Redhat Linux  sonata.phy.anl.gov          27 May 15  231050.289

0INPUT... reset
                                                 P T O L E M Y
 April 2007 version     Computer: Intel Pentium, Redhat Linux  sonata.phy.anl.gov          27 May 15  231050.290

0INPUT... print 0
0INPUT... $------------------------------------------------
0INPUT... $ Ground state transition to S(n) energy with l_n=0
0INPUT... $ with values from literature
0INPUT... $ using Seth et al. 1974 Phys. Rev. C 10 1928
0INPUT... r0target
0INPUT... JBIGA=5/2 parbiga=+1
0INPUT... REACTION: 87Kr(d,p)88Kr(2+ 7.053) ELAB=12.08460998
0INPUT... PARAMETERSET alpha2
0INPUT... PROJECTILE
0INPUT... ASYMPTOPIA 6.33
0INPUT... R=1 A=0.5 WAVEFUNCTION=REID L=0
 LINKULE REID     IS LINKULE NUMBER/location       7
0INPUT... Rc=1.2
0INPUT... ;
0FIXED COMMON BLOCK VERSION OF PTOLEMY,  ALLOCATOR SIZE =  6249990 WORDS.

 Check of LOC:   136707280   136707280
 CURRENT ALLOCATOR SIZE =    6249990 words          BIASES =    136707280   136707264           3
0INPUT... TARGET
0INPUT... ASYMPTOPIA 35
0INPUT... NODES=1
0INPUT... R0=1.25 A=.63 L=0
0INPUT... VSO=7 RSO0=1.10 ASO=.5
0INPUT... ;
 FOR V =   36.76,  E =   0.00, WAVEFUNCTION HAS  2 NODES BUT  1 ARE DESIRED.
 WILL TRY A NEW V:      24.507    
0INPUT... INCOMING
0INPUT... $Deuteron potential calculated for Z=38 A=87 E_d=12
0INPUT... $Using Lohr potential
0INPUT... $Charge Radius
0INPUT... RC0 = 1.3
0INPUT... $Real Volume Terms
0INPUT... V = 110.0
0INPUT... R0 = 1.05
0INPUT... A = 0.86
0INPUT... $Imaginary Surface Terms
0INPUT... VSI = 10.0
0INPUT... RSI0 = 1.45
0INPUT... ASI= 0.80
0INPUT... $Real Spin-Orbit Terms
0INPUT... VSO = 7.0
0INPUT... RSO0 = 0.75
0INPUT... ASO = 0.50
0INPUT... ;
0INPUT... OUTGOING
0INPUT... $Proton potential calculated for Z=38 A=88 E_p=16
0INPUT... $Bechetti
0INPUT... $Charge Radius
0INPUT... RC0 = 1.3
0INPUT... $Real Volume Terms
0INPUT... V = 55.25
0INPUT... R0 = 1.17
0INPUT... A = 0.75
0INPUT... $Imaginary Volume Terms
0INPUT... VI = 1.04
0INPUT... RI0 = 1.32
0INPUT... AI = 0.60
0INPUT... $Imaginary Surface Terms
0INPUT... VSI = 9.19
0INPUT... RSI0 = 1.32
0INPUT... ASI= 0.60
0INPUT... $Real Spin-Orbit Terms
0INPUT... VSO = 6.2
0INPUT... RSO0 = 1.01
0INPUT... ASO = 0.75
0INPUT... ;
0INPUT... ANGLEMAX=180 anglestep = 1
0INPUT... ;
0**** WARNING:  SEARCH FOR SUMMAX WAS STOPPEDBY THE BOUND STATE ASYMPTOPIA.
0**** IN FUTURE RUNS INCREASE ONE OR BOTH ASYMPTOPIA.
0**** WARNING:  SEARCH FOR THE DIF GRIDS WAS STOPPED   8 TIMES BY BOUND STATE ASYMPTOPIA.
 **** IN FUTURE RUNS INCREASE ASYMPTOPIA TO MORE THAN:           5.07 (PROJECTILE)          35.38 (TARGET)
 **** WARNING:  IN THE PHI-GRID SEARCHES      20 BOUND STATE WAVEFUNCTIONS WERE NEEDED BEYOND THE BOUND STATE ASYMPTOPIA.
 **** IN FUTURE RUNS INCREASE ASYMPTOPIA TO MORE THAN:           5.59 (PROJECTILE)          35.06 (TARGET)
 **** ERROR:     554 BOUND STATE WAVEFUNCTIONS WERE NEEDED BEYOND THE BOUND STATE ASYMPTOPIA.
 **** IN FUTURE RUNS INCREASE ASYMPTOPIA TO MORE THAN:           7.19 (PROJECTILE)          35.18 (TARGET)
1                                                          P T O L E M Y
          COMPUTATION OF TRANSFER S-MATRIX ELEMENTS                                           WHEELS WITHIN WHEELS
087Kr(d,p)88Kr(2+ 7.053)                      ELAB =  12.08 MEV                                                                      

0TIME IN A12                        0.001 SEC
 IN PHI & A12 LOOP                  0.050 SEC
 INTERPOLATING H'S                  0.005 SEC
 COMPUTING SCATTERING WAVES         0.001 SEC
 INTERPOLATING SCATTERING WAVES     0.005 SEC
 REST OF RI & RO LOOP               0.005 SEC
 REST OF LO LOOP                    0.001 SEC
 ALL OTHER TIME                     0.000 SEC
 TOTAL TIME                         0.068 SEC
 NUMBER OF CALLS TO second           3228 CALLS
 
     3822000 PASSES WERE MADE THROUGH THE INNERMOST LOOP;        AVERAGE TERM TIME =    0.013 MICROSECONDS
     3822000 ITERATIONS OF COS(ARG-MU*PHI) WERE MADE;          AVERAGE COSINE TIME =    0.013 MICROSECONDS
      546000 PASSES WERE MADE THROUGH THE (M1, M2) LOOP
      546000 PASSES WERE MADE THE PHI LOOP
       39000 H'S WERE COMPUTED OR READ                              AVERAGE H TIME =    0.001 MILLISECONDS
       39000 H'S WERE FOUND BY INTERPOLATION          AVERAGE H-INTERPOLATION TIME =    0.128 MICROSECONDS
        0.00% OF THE (RI,RO) POINTS WERE SKIPPED DUE TO DWCUTOFF.


1                                                          P T O L E M Y
                                               INTERPOLATION AND EXTRAPOLATION IN L
087Kr(d,p)88Kr(2+ 7.053)                      ELAB =  12.08 MEV                                                                      

0USING WOODS-SAXON     EXTRAPOLATION FUNCTIONS.
0EXTRAPOLATION AND CONTINUED FRACTION OVERLAP REGION:  22 < LI <  25

0**** ERROR:  CANNOT EXTRAPOLATE FOR CHANNEL  2  (JP,JT,LX,LO-LI) = (  1/2  1/2 0  0) ****
 ****         SINCE FOR LI =  23 |S| EXCEEDS PREVIOUS: 0.1003E-01 0.8477E-02 ****
0**** ERROR:  CANNOT EXTRAPOLATE FOR CHANNEL  2  (JP,JT,LX,LO-LI) = (  1/2  1/2 1  0) ****
 ****         SINCE FOR LI =  23 |S| EXCEEDS PREVIOUS: 0.1167E-09 0.4351E-11 ****
0**** ERROR:  CANNOT EXTRAPOLATE FOR CHANNEL  2  (JP,JT,LX,LO-LI) = (  1/2  1/2 1  0) ****
 ****         SINCE FOR LI =  24 |S| EXCEEDS PREVIOUS: 0.4762E-09 0.1167E-09 ****
0**** ERROR:  CANNOT EXTRAPOLATE FOR CHANNEL  2  (JP,JT,LX,LO-LI) = (  1/2  1/2 1  0) ****
 ****         SINCE FOR LI =  25 |S| EXCEEDS PREVIOUS: 0.9709E-08 0.4762E-09 ****
0**** ERROR:  CANNOT EXTRAPOLATE FOR CHANNEL  2  (JP,JT,LX,LO-LI) = (  3/2  1/2 1  0) ****
 ****         SINCE FOR LI =  23 |S| EXCEEDS PREVIOUS: 0.3299E-09 0.1231E-10 ****
0**** ERROR:  CANNOT EXTRAPOLATE FOR CHANNEL  2  (JP,JT,LX,LO-LI) = (  3/2  1/2 1  0) ****
 ****         SINCE FOR LI =  24 |S| EXCEEDS PREVIOUS: 0.1347E-08 0.3299E-09 ****
0**** ERROR:  CANNOT EXTRAPOLATE FOR CHANNEL  2  (JP,JT,LX,LO-LI) = (  3/2  1/2 1  0) ****
 ****         SINCE FOR LI =  25 |S| EXCEEDS PREVIOUS: 0.2746E-07 0.1347E-08 ****
0**** ERROR:  CANNOT EXTRAPOLATE FOR CHANNEL  2  (JP,JT,LX,LO-LI) = (  3/2  1/2 2 -2) ****
 ****         SINCE FOR LI =  23 |S| EXCEEDS PREVIOUS:  0.000      0.000     ****
0**** ERROR:  CANNOT EXTRAPOLATE FOR CHANNEL  2  (JP,JT,LX,LO-LI) = (  3/2  1/2 2 -2) ****
 ****         SINCE FOR LI =  24 |S| EXCEEDS PREVIOUS:  0.000      0.000     ****
0**** ERROR:  CANNOT EXTRAPOLATE FOR CHANNEL  2  (JP,JT,LX,LO-LI) = (  3/2  1/2 2 -2) ****
 ****         SINCE FOR LI =  25 |S| EXCEEDS PREVIOUS:  0.000      0.000     ****
0**** ERROR:  CANNOT EXTRAPOLATE FOR CHANNEL  2  (JP,JT,LX,LO-LI) = (  3/2  1/2 2  0) ****
 ****         SINCE FOR LI =  23 |S| EXCEEDS PREVIOUS: 0.1734E-15 0.1165E-15 ****
0**** WARNING:  PHASE OF S(L) FOR CHANNEL  2  (JP,JT,LX,LO-LI,LI) = (  3/2  1/2  2   0  24) HAS FLUCTUATING SIGN
0**** WARNING:  PHASE OF S(L) FOR CHANNEL  2  (JP,JT,LX,LO-LI,LI) = (  3/2  1/2  2   0  25) HAS FLUCTUATING SIGN
0**** ERROR:  CANNOT EXTRAPOLATE FOR CHANNEL  2  (JP,JT,LX,LO-LI) = (  3/2  1/2 2  2) ****
 ****         SINCE FOR LI =  23 |S| EXCEEDS PREVIOUS:  0.000      0.000     ****
0**** ERROR:  CANNOT EXTRAPOLATE FOR CHANNEL  2  (JP,JT,LX,LO-LI) = (  3/2  1/2 2  2) ****
 ****         SINCE FOR LI =  24 |S| EXCEEDS PREVIOUS:  0.000      0.000     ****
0**** ERROR:  CANNOT EXTRAPOLATE FOR CHANNEL  2  (JP,JT,LX,LO-LI) = (  3/2  1/2 2  2) ****
 ****         SINCE FOR LI =  25 |S| EXCEEDS PREVIOUS:  0.000      0.000     ****
0**** WARNING:  FOR (2*JP,2*JT,LX,LO-LI) = (  3  1  2 -2)    LPEAK =  25 IS AT END OF L-RANGE (FISHY) ***
0**** WARNING:  FOR (2*JP,2*JT,LX,LO-LI) = (  3  1  2  2)    LPEAK =  25 IS AT END OF L-RANGE (FISHY) ***

0                                               SUMMARY OF EXTRAPOLATION PARAMETERS
0                   |S| = A/( C + EXP( (LI-LCRIT)/LWIDTH ) )           PHASE = CP + AP*(SUM OF ELASTIC PHASE-SHIFTS)
                OR      = A*(   25./L)**B * (1+LCRIT/L)                      = CP + AP*(   25./L)**BP
                OR      = ABOVE * SIN(ATAN(ETA/L))**LX
                          * EXP(-(ETA2-ETA1)(ATAN(ETA/L)+L/ETA))
0CHANNEL   JP   JT  LX LO-LI     PEAK         MAX L                 MAGNITUDE EXTRAPOLATION                PHASE EXTRAPOLATION
                              LI     VALUE     USED          A         C    LWIDTH    LCRIT   MAX L         CP        AP        BP
                                                                            OR B              NEEDED

    2     1/2  1/2  0    0     2    0.452E-01    25       0.0000       0     0.000    0.00         0        0.000     0.000     0.000
    2     1/2  1/2  1    0     2    0.252E-02    25       0.0000       0     0.000    0.00         0        0.000     0.000     0.000
    2     3/2  1/2  1    0     2    0.496E-02    25       0.0000       0     0.000    0.00         0        0.000     0.000     0.000
    2     3/2  1/2  2   -2    25     0.00        25       0.0000       0     0.000    0.00         0        0.000     0.000     0.000
    2     3/2  1/2  2    0     3    0.227E-03    25       0.0000       0     0.000    0.00         0        0.000     0.000     0.000
    2     3/2  1/2  2    2    25     0.00        25       0.0000       0     0.000    0.00         0        0.000     0.000     0.000
0 TIME FOR L-INTERPOLATIONS :   0.001 SECONDS

1                                                      P T O L E M Y
          COMPUTATION OF CROSS SECTIONS                                      SOPHISTICATED PROGRAMS CONTAIN SUBTLE ERRORS
087Kr(d,p)88Kr(2+ 7.053)                        12.08 MEV                                                                      

0  C.M.  REACTION     REACTION   LOW L  HIGH L   % FROM
+                                                          INCOMING ELASTIC      OUTGOING    REACTION      REACTION      REACTION
  ANGLE  C.M. MB        /RUTH     %/L   % ERROR  L>LMAX
+                                                          C.M. MB      /RUTH      /RUTH
+                                                                                             LX = 0        LX = 1        LX = 2
 
   0.00   37.015      0.000000    0.24  157.76     0.0   0.12040E+42  1.000000    1.000000    37.015        0.0000       0.26621E-05
   1.00   35.895      0.000000    0.25  156.90     0.0   0.20742E+10  0.999052    0.999934    35.895       0.40831E-05   0.26555E-05
   2.00   32.715      0.000000    0.28  154.24     0.0   0.13027E+09  1.003758    1.000957    32.715       0.16289E-04   0.26358E-05
   3.00   27.992      0.000001    0.35  149.39     0.0   0.25577E+08  0.997466    0.998177    27.992       0.36490E-04   0.26035E-05
   4.00   22.457      0.000002    0.46  141.69     0.0   0.80001E+07  0.985693    0.994866    22.457       0.64471E-04   0.25592E-05
   5.00   16.359      0.000004    0.66  119.62     0.0   0.32915E+07  0.989651    0.995379    16.359       0.99940E-04   0.25037E-05
   6.00   9.9636      0.000005    1.14   78.57     0.0   0.16201E+07  1.009532    1.000536    9.9634       0.14252E-03   0.24380E-05
   7.00   4.1187      0.000004    2.24   15.20     0.0   0.89550E+06  1.033088    1.008676    4.1185       0.19177E-03   0.23635E-05
   8.00   2.1807      0.000003    4.33   56.15     0.0   0.53328E+06  1.048736    1.017333    2.1805       0.24716E-03   0.22815E-05
   9.00  0.76196      0.000002   11.83  215.77     0.0   0.33394E+06  1.051038    1.024290   0.76165       0.30811E-03   0.21934E-05
 
  10.00  0.34102      0.000001   20.70  581.14     0.0   0.21711E+06  1.040491    1.028033   0.34064       0.37399E-03   0.21008E-05
  11.00  0.64691      0.000004    4.29  416.76     0.0   0.14568E+06  1.021118    1.027843   0.64647       0.44411E-03   0.20053E-05
  12.00   1.2527      0.000010   -0.98  373.93     0.0   0.10065E+06  0.997950    1.023685    1.2522       0.51774E-03   0.19084E-05
  13.00   1.7708      0.000020   -3.05  290.92     0.0    71502.      0.975267    1.016029    1.7702       0.59410E-03   0.18116E-05
  14.00   1.6638      0.000025   -4.63  208.07     0.0    52166.      0.955736    1.005667    1.6631       0.67242E-03   0.17163E-05
  15.00   1.1802      0.000023   -7.57  135.06     0.0    39002.      0.940254    0.993540    1.1795       0.75189E-03   0.16240E-05
  16.00  0.97556      0.000025  -10.31   45.46     0.0    29790.      0.928242    0.980608   0.97473       0.83170E-03   0.15358E-05
  17.00   1.2212      0.000039   -9.69   19.98     0.0    23160.      0.918158    0.967755    1.2203       0.91105E-03   0.14529E-05
  18.00   1.4982      0.000060   -8.99  115.26     0.0    18256.      0.908036    0.955721    1.4972       0.98914E-03   0.13761E-05
  19.00   1.5477      0.000077   -8.47  198.32     0.0    14537.      0.895960    0.945069    1.5466       0.10652E-02   0.13064E-05
 
  20.00   1.4323      0.000088   -7.99  221.90     0.0    11658.      0.880405    0.936174    1.4312       0.11386E-02   0.12444E-05
  21.00   1.1658      0.000087   -7.99  247.88     0.0    9393.2      0.860431    0.929218    1.1646       0.12085E-02   0.11906E-05
  22.00  0.76249      0.000068   -9.73  288.50     0.0    7591.2      0.835749    0.924214   0.76122       0.12744E-02   0.11454E-05
  23.00  0.31486      0.000034  -16.46  393.48     0.0    6147.7      0.806685    0.921024   0.31352       0.13356E-02   0.11092E-05
  24.00  0.10318      0.000013  -27.32  420.41     0.0    4987.6      0.774062    0.919387   0.10179       0.13918E-02   0.10820E-05
  25.00  0.23127      0.000034   -3.66  157.19     0.0    4054.7      0.739049    0.918949   0.22983       0.14424E-02   0.10640E-05
  26.00  0.57221      0.000099    3.69    1.18     0.0    3305.4      0.702990    0.919292   0.57072       0.14872E-02   0.10551E-05
  27.00   1.3696      0.000274    3.61   64.93     0.0    2705.0      0.667246    0.919963    1.3681       0.15259E-02   0.10552E-05
  28.00   2.3944      0.000553    2.78   95.10     0.0    2225.2      0.633060    0.920495    2.3929       0.15584E-02   0.10642E-05
  29.00   3.1496      0.000835    2.59  108.95     0.0    1842.6      0.601458    0.920436    3.1480       0.15846E-02   0.10816E-05
 
  30.00   3.3586      0.001016    2.83  114.29     0.0    1537.9      0.573179    0.919360    3.3570       0.16045E-02   0.11073E-05
  31.00   3.0285      0.001041    3.47  115.37     0.0    1295.2      0.548653    0.916888    3.0268       0.16183E-02   0.11408E-05
  32.00   2.3952      0.000932    4.56  109.33     0.0    1101.3      0.528005    0.912698    2.3936       0.16262E-02   0.11817E-05
  33.00   1.6926      0.000743    6.38   99.38     0.0    945.71      0.511088    0.906531    1.6910       0.16285E-02   0.12294E-05
  34.00  0.94551      0.000466    9.83   68.50     0.0    819.80      0.497534    0.898198   0.94388       0.16257E-02   0.12833E-05
  35.00  0.66860      0.000369   12.63   24.11     0.0    716.85      0.486818    0.887581   0.66698       0.16182E-02   0.13427E-05
  36.00  0.54459      0.000335   13.78   15.59     0.0    631.57      0.478322    0.874637   0.54298       0.16066E-02   0.14070E-05
  37.00  0.85182      0.000582    5.81  116.05     0.0    559.91      0.471404    0.859388   0.85022       0.15915E-02   0.14753E-05
  38.00   1.1068      0.000838    2.76  158.70     0.0    498.81      0.465456    0.841923    1.1053       0.15736E-02   0.15468E-05
  39.00   1.1625      0.000973    1.15  195.49     0.0    446.02      0.459942    0.822390    1.1610       0.15535E-02   0.16206E-05
 
1                                                      P T O L E M Y
          COMPUTATION OF CROSS SECTIONS                                      SOPHISTICATED PROGRAMS CONTAIN SUBTLE ERRORS
087Kr(d,p)88Kr(2+ 7.053)                        12.08 MEV                                                                      

0  C.M.  REACTION     REACTION   LOW L  HIGH L   % FROM
+                                                          INCOMING ELASTIC      OUTGOING    REACTION      REACTION      REACTION
  ANGLE  C.M. MB        /RUTH     %/L   % ERROR  L>LMAX
+                                                          C.M. MB      /RUTH      /RUTH
+                                                                                             LX = 0        LX = 1        LX = 2
 
  40.00   1.0239      0.000945   -0.06  230.13     0.0    399.85      0.454442    0.800990    1.0224       0.15320E-02   0.16957E-05
  41.00  0.73938      0.000750   -1.42  216.61     0.0    359.12      0.448660    0.777969   0.73787       0.15098E-02   0.17711E-05
  42.00  0.40327      0.000448   -3.88  205.81     0.0    322.97      0.442434    0.753611   0.40178       0.14878E-02   0.18459E-05
  43.00  0.12566      0.000153   -7.85  215.39     0.0    290.76      0.435725    0.728227   0.12419       0.14665E-02   0.19191E-05
  44.00  0.15488E-01  0.000021  -46.93  195.39     0.0    262.05      0.428600    0.702151   0.14039E-01   0.14468E-02   0.19895E-05
  45.00  0.55231E-02  0.000008  -52.42   24.44     0.0    236.46      0.421207    0.675730   0.40917E-02   0.14293E-02   0.20564E-05
  46.00  0.12536      0.000197   -8.64  139.68     0.0    213.72      0.413741    0.649315   0.12394       0.14146E-02   0.21188E-05
  47.00  0.67066      0.001143    0.84  171.17     0.0    193.55      0.406417    0.623254   0.66926       0.14034E-02   0.21758E-05
  48.00  0.88635      0.001635    1.85  166.27     0.0    175.72      0.399440    0.597889   0.88495       0.13960E-02   0.22267E-05
  49.00  0.98279      0.001960    2.52  158.47     0.0    159.99      0.392976    0.573543   0.98140       0.13929E-02   0.22707E-05
 
  50.00  0.90271      0.001941    3.42  146.41     0.0    146.12      0.387136    0.550521   0.90132       0.13944E-02   0.23074E-05
  51.00  0.58947      0.001365    5.42  124.23     0.0    133.88      0.381960    0.529103   0.58807       0.14008E-02   0.23361E-05
  52.00  0.54504      0.001357    6.52  104.91     0.0    123.05      0.377414    0.509538   0.54363       0.14121E-02   0.23567E-05
  53.00  0.23721      0.000634   12.77   88.07     0.0    113.42      0.373390    0.492043   0.23578       0.14285E-02   0.23687E-05
  54.00  0.17422      0.000499   15.45   12.31     0.0    104.79      0.369713    0.476801   0.17277       0.14498E-02   0.23722E-05
  55.00  0.22764      0.000698   14.37   15.81     0.0    96.979      0.366160    0.463957   0.22616       0.14758E-02   0.23670E-05
  56.00  0.29665      0.000972    6.00  173.91     0.0    89.839      0.362471    0.453619   0.29514       0.15063E-02   0.23533E-05
  57.00  0.27080      0.000946    4.75  203.44     0.0    83.237      0.358377    0.445858   0.26926       0.15408E-02   0.23311E-05
  58.00  0.30031      0.001119    3.09  208.74     0.0    77.068      0.353616    0.440704   0.29873       0.15790E-02   0.23008E-05
  59.00  0.24194      0.000959    2.75  221.59     0.0    71.252      0.347957    0.438153   0.24032       0.16203E-02   0.22627E-05
 
  60.00  0.22037      0.000929    2.74  209.60     0.0    65.732      0.341217    0.438163   0.21871       0.16640E-02   0.22172E-05
  61.00  0.10873      0.000486    7.53  199.95     0.0    60.472      0.333274    0.440659   0.10702       0.17095E-02   0.21648E-05
  62.00  0.70402E-01  0.000334   18.04  144.26     0.0    55.453      0.324083    0.445534   0.68644E-01   0.17561E-02   0.21060E-05
  63.00  0.13607      0.000684   15.27   12.12     0.0    50.672      0.313675    0.452651   0.13426       0.18028E-02   0.20414E-05
  64.00  0.10673      0.000567   14.03   13.51     0.0    46.135      0.302162    0.461845   0.10488       0.18491E-02   0.19717E-05
  65.00  0.36940      0.002076    8.81  148.87     0.0    41.856      0.289729    0.472931   0.36750       0.18940E-02   0.18976E-05
  66.00  0.17625      0.001046   12.32  176.68     0.0    37.852      0.276628    0.485699   0.17431       0.19368E-02   0.18199E-05
  67.00  0.18090      0.001132   12.25  204.28     0.0    34.142      0.263163    0.499926   0.17892       0.19766E-02   0.17395E-05
  68.00  0.15856      0.001045   13.39  232.01     0.0    30.743      0.249673    0.515371   0.15654       0.20128E-02   0.16572E-05
  69.00  0.83420E-01  0.000579   19.68  276.64     0.0    27.668      0.236516    0.531787   0.81374E-01   0.20445E-02   0.15742E-05
 
  70.00  0.29596E-01  0.000216   29.49  394.85     0.0    24.924      0.224053    0.548917   0.27524E-01   0.20711E-02   0.14914E-05
  71.00  0.25968E-01  0.000199   -3.59  223.47     0.0    22.512      0.212623    0.566501   0.23874E-01   0.20921E-02   0.14101E-05
  72.00  0.96706E-01  0.000778  -11.65  104.69     0.0    20.429      0.202531    0.584280   0.94598E-01   0.21069E-02   0.13315E-05
  73.00  0.72456E-01  0.000612  -15.95   18.21     0.0    18.662      0.194035    0.601998   0.70340E-01   0.21150E-02   0.12567E-05
  74.00  0.14871      0.001315  -11.54   63.41     0.0    17.194      0.187327    0.619403   0.14659       0.21162E-02   0.11872E-05
  75.00  0.42953      0.003977   -6.51  111.04     0.0    16.002      0.182531    0.636253   0.42742       0.21103E-02   0.11240E-05
  76.00  0.46220      0.004477   -6.70  112.02     0.0    15.059      0.179697    0.652320   0.46010       0.20970E-02   0.10686E-05
  77.00  0.44627      0.004518   -7.01  117.22     0.0    14.335      0.178798    0.667386   0.44419       0.20763E-02   0.10221E-05
  78.00  0.37428      0.003958   -7.74  112.56     0.0    13.796      0.179732    0.681252   0.37223       0.20485E-02   0.98553E-06
  79.00  0.28263      0.003119   -8.82  132.34     0.0    13.410      0.182330    0.693735   0.28061       0.20136E-02   0.95984E-06
 
1                                                      P T O L E M Y
          COMPUTATION OF CROSS SECTIONS                                      SOPHISTICATED PROGRAMS CONTAIN SUBTLE ERRORS
087Kr(d,p)88Kr(2+ 7.053)                        12.08 MEV                                                                      

0  C.M.  REACTION     REACTION   LOW L  HIGH L   % FROM
+                                                          INCOMING ELASTIC      OUTGOING    REACTION      REACTION      REACTION
  ANGLE  C.M. MB        /RUTH     %/L   % ERROR  L>LMAX
+                                                          C.M. MB      /RUTH      /RUTH
+                                                                                             LX = 0        LX = 1        LX = 2
 
  80.00  0.18450      0.002123  -10.54   91.06     0.0    13.144      0.186364    0.704673   0.18252       0.19719E-02   0.94577E-06
  81.00  0.75618E-01  0.000907  -16.38   66.66     0.0    12.964      0.191554    0.713925   0.73693E-01   0.19239E-02   0.94383E-06
  82.00  0.60357E-01  0.000754  -16.19   71.52     0.0    12.841      0.197587    0.721373   0.58486E-01   0.18700E-02   0.95426E-06
  83.00  0.29781E-01  0.000387   -2.34  256.85     0.0    12.749      0.204127    0.726921   0.27969E-01   0.18109E-02   0.97701E-06
  84.00  0.35388E-01  0.000478   16.10  233.19     0.0    12.662      0.210827    0.730496   0.33640E-01   0.17471E-02   0.10117E-05
  85.00  0.32791E-01  0.000461   24.97  299.29     0.0    12.562      0.217346    0.732050   0.31111E-01   0.16794E-02   0.10577E-05
  86.00  0.20799E-01  0.000303   42.71  450.39     0.0    12.431      0.223360    0.731558   0.19189E-01   0.16085E-02   0.11139E-05
  87.00  0.15204E-01  0.000230   39.63  396.69     0.0    12.258      0.228573    0.729019   0.13667E-01   0.15353E-02   0.11790E-05
  88.00  0.33248E-01  0.000522   10.30  199.85     0.0    12.034      0.232730    0.724455   0.31786E-01   0.14606E-02   0.12513E-05
  89.00  0.22851      0.003718   -2.37   86.25     0.0    11.754      0.235620    0.717910   0.22712       0.13852E-02   0.13290E-05
 
  90.00  0.34280E-01  0.000578   -0.38  123.29     0.0    11.418      0.237083    0.709447   0.32969E-01   0.13099E-02   0.14099E-05
  91.00  0.15202      0.002652   -3.46   35.19     0.0    11.027      0.237017    0.699153   0.15078       0.12356E-02   0.14918E-05
  92.00  0.12373      0.002234  -11.20  128.14     0.0    10.584      0.235373    0.687129   0.12257       0.11630E-02   0.15723E-05
  93.00  0.18456      0.003445   -6.56   77.86     0.0    10.096      0.232158    0.673497   0.18347       0.10928E-02   0.16492E-05
  94.00  0.23894      0.004609   -4.30   70.96     0.0    9.5713      0.227432    0.658389   0.23792       0.10258E-02   0.17200E-05
  95.00  0.29704      0.005917   -1.61   81.98     0.0    9.0175      0.221299    0.641956   0.29607       0.96257E-03   0.17828E-05
  96.00  0.34321      0.007057    0.20   80.86     0.0    8.4443      0.213909    0.624356   0.34231       0.90359E-03   0.18355E-05
  97.00  0.22471      0.004767    4.39   13.10     0.0    7.8613      0.205442    0.605757   0.22386       0.84932E-03   0.18766E-05
  98.00  0.17495      0.003827  -11.96  221.76     0.0    7.2778      0.196107    0.586337   0.17414       0.80012E-03   0.19049E-05
  99.00  0.29419      0.006631    6.49   30.32     0.0    6.7028      0.186128    0.566275   0.29343       0.75623E-03   0.19193E-05
 
 100.00  0.19752      0.004586    9.39   10.35     0.0    6.1446      0.175744    0.545756   0.19680       0.71780E-03   0.19195E-05
 101.00  0.27844      0.006655   11.20   59.39     0.0    5.6103      0.165191    0.524964   0.27775       0.68489E-03   0.19054E-05
 102.00  0.22145      0.005446   15.19   45.48     0.0    5.1064      0.154703    0.504085   0.22079       0.65744E-03   0.18773E-05
 103.00  0.12020      0.003040   20.30   50.26     0.0    4.6379      0.144500    0.483298   0.11956       0.63533E-03   0.18360E-05
 104.00  0.14037      0.003649   23.66   77.01     0.0    4.2087      0.134786    0.462781   0.13975       0.61830E-03   0.17826E-05
 105.00  0.10200      0.002724   18.03   44.13     0.0    3.8215      0.125740    0.442703   0.10140       0.60606E-03   0.17183E-05
 106.00  0.80463E-01  0.002207   25.95    6.92     0.0    3.4780      0.117514    0.423227   0.79863E-01   0.59821E-03   0.16449E-05
 107.00  0.72860E-01  0.002051   32.25   22.70     0.0    3.1785      0.110233    0.404503   0.72264E-01   0.59429E-03   0.15640E-05
 108.00  0.39381E-01  0.001137   32.58   50.58     0.0    2.9227      0.103989    0.386675   0.38786E-01   0.59382E-03   0.14774E-05
 109.00  0.31581E-01  0.000935   38.45   41.67     0.0    2.7091      0.098842    0.369872   0.30984E-01   0.59622E-03   0.13869E-05
 
 110.00  0.20795E-01  0.000631   17.18  112.03     0.0    2.5356      0.094821    0.354210   0.20193E-01   0.60095E-03   0.12943E-05
 111.00  0.23740E-01  0.000738    5.67  161.76     0.0    2.3993      0.091925    0.339792   0.23131E-01   0.60739E-03   0.12010E-05
 112.00  0.27893E-01  0.000888  -11.72  157.69     0.0    2.2971      0.090125    0.326709   0.27276E-01   0.61497E-03   0.11084E-05
 113.00  0.51402E-01  0.001676   48.46   45.56     0.0    2.2252      0.089365    0.315033   0.50778E-01   0.62311E-03   0.10178E-05
 114.00  0.33003E-01  0.001101   50.52   17.40     0.0    2.1798      0.089570    0.304825   0.32371E-01   0.63123E-03   0.93001E-06
 115.00  0.35775E-01  0.001220   57.24    5.53     0.0    2.1569      0.090641    0.296129   0.35135E-01   0.63882E-03   0.84572E-06
 116.00  0.37442E-01  0.001306   60.10   14.07     0.0    2.1525      0.092469    0.288974   0.36796E-01   0.64540E-03   0.76541E-06
 117.00  0.54558E-01  0.001944   50.09   21.04     0.0    2.1626      0.094931    0.283376   0.53907E-01   0.65053E-03   0.68941E-06
 118.00  0.52867E-01  0.001924   54.44    6.52     0.0    2.1834      0.097895    0.279336   0.52212E-01   0.65386E-03   0.61794E-06
 119.00  0.51813E-01  0.001925   51.54   28.41     0.0    2.2113      0.101228    0.276840   0.51158E-01   0.65508E-03   0.55117E-06
 
1                                                      P T O L E M Y
          COMPUTATION OF CROSS SECTIONS                                      SOPHISTICATED PROGRAMS CONTAIN SUBTLE ERRORS
087Kr(d,p)88Kr(2+ 7.053)                        12.08 MEV                                                                      

0  C.M.  REACTION     REACTION   LOW L  HIGH L   % FROM
+                                                          INCOMING ELASTIC      OUTGOING    REACTION      REACTION      REACTION
  ANGLE  C.M. MB        /RUTH     %/L   % ERROR  L>LMAX
+                                                          C.M. MB      /RUTH      /RUTH
+                                                                                             LX = 0        LX = 1        LX = 2
 
 120.00  0.60796E-01  0.002306   52.46   22.73     0.0    2.2431      0.104796    0.275864   0.60142E-01   0.65396E-03   0.48929E-06
 121.00  0.12776      0.004943   40.34   58.24     0.0    2.2758      0.108466    0.276370   0.12711       0.65035E-03   0.43262E-06
 122.00  0.75820E-01  0.002991   54.44   10.21     0.0    2.3068      0.112113    0.278309   0.75176E-01   0.64417E-03   0.38163E-06
 123.00  0.78201E-01  0.003145   54.45    2.40     0.0    2.3338      0.115619    0.281621   0.77566E-01   0.63541E-03   0.33702E-06
 124.00  0.79892E-01  0.003274   54.34    0.68     0.0    2.3550      0.118877    0.286238   0.79268E-01   0.62414E-03   0.29975E-06
 125.00  0.84042E-01  0.003508   52.96    4.40     0.0    2.3688      0.121792    0.292084   0.83431E-01   0.61049E-03   0.27107E-06
 126.00  0.88355E-01  0.003754   49.15    7.46     0.0    2.3742      0.124281    0.299075   0.87760E-01   0.59465E-03   0.25250E-06
 127.00  0.12275      0.005308   40.32   34.45     0.0    2.3703      0.126279    0.307122   0.12217       0.57687E-03   0.24580E-06
 128.00  0.92461E-01  0.004068   37.23   28.56     0.0    2.3566      0.127733    0.316130   0.91903E-01   0.55744E-03   0.25290E-06
 129.00  0.83157E-01  0.003721   38.67    6.79     0.0    2.3331      0.128606    0.326002   0.82620E-01   0.53671E-03   0.27583E-06
 
 130.00  0.92340E-01  0.004200   31.56    3.42     0.0    2.2999      0.128877    0.336637   0.91825E-01   0.51502E-03   0.31662E-06
 131.00  0.88071E-01  0.004071   24.63    8.36     0.0    2.2572      0.128539    0.347934   0.87578E-01   0.49275E-03   0.37714E-06
 132.00  0.95215E-01  0.004471   20.90    3.84     0.0    2.2057      0.127599    0.359791   0.94745E-01   0.47029E-03   0.45896E-06
 133.00  0.93799E-01  0.004473   16.55    4.55     0.0    2.1462      0.126077    0.372107   0.93350E-01   0.44803E-03   0.56326E-06
 134.00  0.75443E-01  0.003652    6.73   17.87     0.0    2.0795      0.124007    0.384782   0.75016E-01   0.42634E-03   0.69064E-06
 135.00  0.82326E-01  0.004044    3.39    3.42     0.0    2.0068      0.121430    0.397719   0.81920E-01   0.40555E-03   0.84100E-06
 136.00  0.68809E-01  0.003428   -2.47   15.73     0.0    1.9290      0.118402    0.410824   0.68422E-01   0.38601E-03   0.10135E-05
 137.00  0.66029E-01  0.003336   -7.18   15.73     0.0    1.8473      0.114981    0.424007   0.65660E-01   0.36797E-03   0.12063E-05
 138.00  0.68612E-01  0.003514   -6.71   13.61     0.0    1.7631      0.111237    0.437183   0.68259E-01   0.35169E-03   0.14169E-05
 139.00  0.59113E-01  0.003068  -14.39   10.98     0.0    1.6774      0.107240    0.450271   0.58774E-01   0.33734E-03   0.16417E-05
 
 140.00  0.58327E-01  0.003066  -17.58    4.35     0.0    1.5915      0.103067    0.463196   0.58000E-01   0.32506E-03   0.18765E-05
 141.00  0.46435E-01  0.002472  -24.84    6.85     0.0    1.5065      0.098794    0.475889   0.46118E-01   0.31493E-03   0.21160E-05
 142.00  0.39645E-01  0.002136  -29.53   13.60     0.0    1.4235      0.094498    0.488288   0.39335E-01   0.30695E-03   0.23548E-05
 143.00  0.29021E-01  0.001582  -34.63   28.71     0.0    1.3436      0.090256    0.500335   0.28717E-01   0.30110E-03   0.25868E-05
 144.00  0.35493E-01  0.001958  -31.27   23.12     0.0    1.2677      0.086139    0.511982   0.35193E-01   0.29727E-03   0.28058E-05
 145.00  0.32838E-01  0.001832  -32.93    7.40     0.0    1.1965      0.082215    0.523184   0.32540E-01   0.29531E-03   0.30060E-05
 146.00  0.31851E-01  0.001796  -33.08   10.31     0.0    1.1308      0.078547    0.533906   0.31553E-01   0.29502E-03   0.31816E-05
 147.00  0.24980E-01  0.001423  -42.83   14.25     0.0    1.0711      0.075190    0.544115   0.24680E-01   0.29616E-03   0.33277E-05
 148.00  0.23967E-01  0.001380  -40.23    6.29     0.0    1.0180      0.072190    0.553789   0.23665E-01   0.29844E-03   0.34402E-05
 149.00  0.21319E-01  0.001239  -41.06    5.91     0.0   0.97168      0.069588    0.562908   0.21014E-01   0.30156E-03   0.35164E-05
 
 150.00  0.28088E-01  0.001648  -31.75   24.94     0.0   0.93239      0.067413    0.571461   0.27779E-01   0.30519E-03   0.35548E-05
 151.00  0.27709E-01  0.001641  -31.82   15.52     0.0   0.90019      0.065686    0.579441   0.27397E-01   0.30897E-03   0.35552E-05
 152.00  0.27025E-01  0.001615  -31.78   11.80     0.0   0.87500      0.064416    0.586846   0.26709E-01   0.31256E-03   0.35195E-05
 153.00  0.27915E-01  0.001682  -29.54   32.33     0.0   0.85664      0.063606    0.593680   0.27596E-01   0.31562E-03   0.34506E-05
 154.00  0.29018E-01  0.001763  -27.40    1.53     0.0   0.84483      0.063247    0.599951   0.28697E-01   0.31782E-03   0.33536E-05
 155.00  0.29375E-01  0.001799  -26.85   10.02     0.0   0.83919      0.063322    0.605670   0.29053E-01   0.31885E-03   0.32343E-05
 156.00  0.33133E-01  0.002045  -21.77    9.50     0.0   0.83924      0.063808    0.610854   0.32811E-01   0.31845E-03   0.31003E-05
 157.00  0.33601E-01  0.002089  -18.15   10.42     0.0   0.84445      0.064672    0.615521   0.33282E-01   0.31638E-03   0.29598E-05
 158.00  0.35224E-01  0.002205  -19.81    9.95     0.0   0.85424      0.065878    0.619693   0.34909E-01   0.31244E-03   0.28217E-05
 159.00  0.38303E-01  0.002414  -16.67    7.20     0.0   0.86799      0.067383    0.623395   0.37993E-01   0.30651E-03   0.26950E-05
 
1                                                      P T O L E M Y
          COMPUTATION OF CROSS SECTIONS                                      SOPHISTICATED PROGRAMS CONTAIN SUBTLE ERRORS
087Kr(d,p)88Kr(2+ 7.053)                        12.08 MEV                                                                      

0  C.M.  REACTION     REACTION   LOW L  HIGH L   % FROM
+                                                          INCOMING ELASTIC      OUTGOING    REACTION      REACTION      REACTION
  ANGLE  C.M. MB        /RUTH     %/L   % ERROR  L>LMAX
+                                                          C.M. MB      /RUTH      /RUTH
+                                                                                             LX = 0        LX = 1        LX = 2
 
 160.00  0.39771E-01  0.002522  -15.72   12.77     0.0   0.88505      0.069142    0.626652   0.39469E-01   0.29849E-03   0.25886E-05
 161.00  0.41898E-01  0.002673  -14.43   11.00     0.0   0.90477      0.071108    0.629493   0.41607E-01   0.28838E-03   0.25107E-05
 162.00  0.44039E-01  0.002826  -13.33    5.98     0.0   0.92652      0.073233    0.631948   0.43760E-01   0.27619E-03   0.24688E-05
 163.00  0.46121E-01  0.002975  -12.43    2.32     0.0   0.94967      0.075467    0.634046   0.45857E-01   0.26203E-03   0.24686E-05
 164.00  0.49205E-01  0.003190  -10.57    2.94     0.0   0.97366      0.077766    0.635818   0.48957E-01   0.24606E-03   0.25146E-05
 165.00  0.48205E-01  0.003140  -12.32    3.71     0.0   0.99794      0.080085    0.637295   0.47974E-01   0.22847E-03   0.26089E-05
 166.00  0.52670E-01  0.003446  -10.05    1.45     0.0    1.0220      0.082384    0.638507   0.52457E-01   0.20953E-03   0.27520E-05
 167.00  0.53991E-01  0.003547   -9.99    0.12     0.0    1.0455      0.084627    0.639485   0.53799E-01   0.18953E-03   0.29419E-05
 168.00  0.55707E-01  0.003674   -9.65    0.42     0.0    1.0681      0.086781    0.640258   0.55535E-01   0.16882E-03   0.31745E-05
 169.00  0.57281E-01  0.003791   -9.41    0.52     0.0    1.0893      0.088821    0.640855   0.57130E-01   0.14777E-03   0.34438E-05
 
 170.00  0.58703E-01  0.003898   -9.23    1.78     0.0    1.1091      0.090723    0.641301   0.58572E-01   0.12676E-03   0.37419E-05
 171.00  0.59980E-01  0.003994   -9.12    5.86     0.0    1.1272      0.092470    0.641623   0.59870E-01   0.10619E-03   0.40594E-05
 172.00  0.61135E-01  0.004082   -9.03    3.34     0.0    1.1434      0.094048    0.641844   0.61045E-01   0.86474E-04   0.43858E-05
 173.00  0.61637E-01  0.004125   -9.41    1.42     0.0    1.1578      0.095450    0.641986   0.61564E-01   0.67990E-04   0.47098E-05
 174.00  0.63437E-01  0.004254   -9.17    1.27     0.0    1.1703      0.096667    0.642069   0.63381E-01   0.51115E-04   0.50199E-05
 175.00  0.63710E-01  0.004279   -9.00    0.23     0.0    1.1808      0.097698    0.642108   0.63668E-01   0.36194E-04   0.53049E-05
 176.00  0.64312E-01  0.004325   -8.99    0.41     0.0    1.1893      0.098541    0.642120   0.64283E-01   0.23536E-04   0.55543E-05
 177.00  0.64775E-01  0.004361   -9.00    0.55     0.0    1.1959      0.099195    0.642117   0.64756E-01   0.13404E-04   0.57588E-05
 178.00  0.65103E-01  0.004387   -9.00    0.65     0.0    1.2007      0.099661    0.642107   0.65091E-01   0.60101E-05   0.59107E-05
 179.00  0.65298E-01  0.004402   -9.01    0.72     0.0    1.2035      0.099941    0.642099   0.65290E-01   0.15105E-05   0.60042E-05
 
 180.00  0.65363E-01  0.004407   -9.01    0.75     0.0    1.2044      0.100034    0.642096   0.65357E-01    0.0000       0.60357E-05

0TOTAL:     5.2502    
+                                                         1693.8                  916.29    
+                                                                                             5.2363       0.13890E-01   0.20056E-04
                                                                                              99.74%         0.26%         0.00%

0 JP  JT  LX MX      TOTAL      PERCENT     (VALUES FOR M > 0 NOT DOUBLED.)

  1/2  1/2  0  0     5.2363       99.74
  1/2  1/2  1  1    0.14018E-02    0.03
  3/2  1/2  1  1    0.55431E-02    0.11
  3/2  1/2  2  0    0.53663E-05    0.00
  3/2  1/2  2  1    0.70435E-06    0.00
  3/2  1/2  2  2    0.66407E-05    0.00
1                                                      P T O L E M Y
          ANALYZING POWERS FOR THE  >>>> REACTION <<<<  CHANNEL
087Kr(d,p)88Kr(2+ 7.053)                        12.08 MEV                                                                      
0  C.M.       iT11       T20       T21       T22
  ANGLE

   0.00     0.00000   0.00049   0.00000   0.00000
   1.00    -0.00040   0.00050  -0.00001   0.00000
   2.00    -0.00084   0.00052  -0.00001   0.00000
   3.00    -0.00135   0.00055  -0.00002   0.00000
   4.00    -0.00198   0.00060  -0.00003  -0.00001
   5.00    -0.00285   0.00067  -0.00004  -0.00001
   6.00    -0.00424   0.00081  -0.00005  -0.00002
   7.00    -0.00732   0.00114  -0.00009  -0.00005
   8.00    -0.01023   0.00128  -0.00011  -0.00008
   9.00    -0.01177   0.00090  -0.00009  -0.00011

  10.00     0.01688  -0.00305   0.00036   0.00011
  11.00     0.03067  -0.00348   0.00045   0.00026
  12.00     0.02464  -0.00228   0.00033   0.00022
  13.00     0.02073  -0.00160   0.00025   0.00019
  14.00     0.02063  -0.00135   0.00024   0.00018
  15.00     0.02053  -0.00107   0.00020   0.00012
  16.00     0.01265  -0.00033   0.00006  -0.00005
  17.00     0.00663   0.00004  -0.00002  -0.00013
  18.00    -0.00211   0.00047  -0.00013  -0.00027
  19.00    -0.01053   0.00081  -0.00023  -0.00042

  20.00    -0.01844   0.00104  -0.00033  -0.00058
  21.00    -0.02579   0.00121  -0.00042  -0.00077
  22.00    -0.03264   0.00134  -0.00052  -0.00107
  23.00    -0.03679   0.00134  -0.00067  -0.00178
  24.00     0.05262  -0.00190   0.00027  -0.00193
  25.00     0.09672  -0.00309   0.00120   0.00099
  26.00     0.05910  -0.00173   0.00080   0.00104
  27.00     0.03676  -0.00094   0.00051   0.00079
  28.00     0.02793  -0.00062   0.00038   0.00065
  29.00     0.02399  -0.00047   0.00033   0.00060

  30.00     0.02224  -0.00038   0.00032   0.00061
  31.00     0.02153  -0.00031   0.00032   0.00067
  32.00     0.02088  -0.00023   0.00034   0.00077
  33.00     0.01850  -0.00011   0.00035   0.00090
  34.00     0.01227   0.00006   0.00036   0.00108
  35.00    -0.00709   0.00036   0.00021   0.00096
  36.00    -0.01886   0.00054   0.00011   0.00088
  37.00    -0.04907   0.00049  -0.00038  -0.00047
  38.00    -0.04669   0.00031  -0.00042  -0.00075
  39.00    -0.04560   0.00016  -0.00045  -0.00095

1                                                      P T O L E M Y
          ANALYZING POWERS FOR THE  >>>> REACTION <<<<  CHANNEL
087Kr(d,p)88Kr(2+ 7.053)                        12.08 MEV                                                                      
0  C.M.       iT11       T20       T21       T22
  ANGLE

  40.00    -0.04704   0.00001  -0.00049  -0.00120
  41.00    -0.05227  -0.00022  -0.00057  -0.00164
  42.00    -0.06439  -0.00071  -0.00074  -0.00262
  43.00    -0.11127  -0.00207  -0.00127  -0.00552
  44.00     0.11447  -0.02063   0.00018  -0.02698
  45.00     0.54995  -0.03915   0.00616  -0.04107
  46.00     0.13082  -0.00231   0.00131  -0.00051
  47.00     0.04575   0.00007   0.00054   0.00106
  48.00     0.03418   0.00030   0.00044   0.00113
  49.00     0.02736   0.00046   0.00038   0.00120

  50.00     0.02228   0.00066   0.00034   0.00136
  51.00     0.01707   0.00102   0.00034   0.00177
  52.00     0.00822   0.00125   0.00027   0.00192
  53.00    -0.01740   0.00215   0.00013   0.00276
  54.00    -0.03246   0.00251   0.00002   0.00301
  55.00    -0.04658   0.00247  -0.00018   0.00271
  56.00    -0.08472   0.00044  -0.00084  -0.00065
  57.00    -0.08451   0.00007  -0.00088  -0.00110
  58.00    -0.07457  -0.00026  -0.00081  -0.00138
  59.00    -0.07976  -0.00054  -0.00090  -0.00180

  60.00    -0.08264  -0.00066  -0.00094  -0.00196
  61.00    -0.13588  -0.00051  -0.00147  -0.00238
  62.00    -0.19308   0.00088  -0.00191  -0.00115
  63.00    -0.14060   0.00183  -0.00135   0.00077
  64.00    -0.16091   0.00093  -0.00165  -0.00060
  65.00    -0.08770   0.00138  -0.00086   0.00085
  66.00    -0.07091   0.00209  -0.00048   0.00206
  67.00    -0.07571   0.00200  -0.00054   0.00191
  68.00    -0.08968   0.00196  -0.00069   0.00175
  69.00    -0.14778   0.00175  -0.00127   0.00100

  70.00    -0.31509  -0.00238  -0.00326  -0.00579
  71.00    -0.17174  -0.01084  -0.00249  -0.01559
  72.00     0.05766  -0.00573   0.00022  -0.00704
  73.00     0.15182  -0.00711   0.00134  -0.00811
  74.00     0.10484  -0.00418   0.00091  -0.00471
  75.00     0.04274  -0.00204   0.00028  -0.00239
  76.00     0.05264  -0.00186   0.00041  -0.00211
  77.00     0.06042  -0.00178   0.00051  -0.00198
  78.00     0.07287  -0.00181   0.00066  -0.00198
  79.00     0.09116  -0.00191   0.00088  -0.00206

1                                                      P T O L E M Y
          ANALYZING POWERS FOR THE  >>>> REACTION <<<<  CHANNEL
087Kr(d,p)88Kr(2+ 7.053)                        12.08 MEV                                                                      
0  C.M.       iT11       T20       T21       T22
  ANGLE

  80.00     0.11944  -0.00220   0.00122  -0.00236
  81.00     0.12974  -0.00523   0.00099  -0.00634
  82.00     0.21483  -0.00388   0.00238  -0.00439
  83.00     0.18545  -0.00306   0.00303  -0.00363
  84.00     0.01858  -0.00136   0.00130  -0.00192
  85.00    -0.05175  -0.00174   0.00055  -0.00261
  86.00    -0.16797  -0.00514  -0.00062  -0.00729
  87.00    -0.10158  -0.00612   0.00052  -0.00868
  88.00     0.06497   0.00014   0.00189  -0.00025
  89.00     0.07136   0.00137   0.00110   0.00163

  90.00     0.12241   0.00133   0.00236   0.00110
  91.00     0.08078   0.00186   0.00126   0.00212
  92.00     0.11527   0.00132   0.00138   0.00138
  93.00     0.08036   0.00183   0.00110   0.00203
  94.00     0.06039   0.00195   0.00090   0.00220
  95.00     0.04052   0.00202   0.00072   0.00229
  96.00     0.02661   0.00201   0.00059   0.00229
  97.00     0.00858   0.00239   0.00053   0.00274
  98.00     0.07574   0.00175   0.00084   0.00183
  99.00    -0.00938   0.00211   0.00030   0.00245

 100.00    -0.02136   0.00243   0.00026   0.00282
 101.00    -0.03229   0.00184   0.00007   0.00219
 102.00    -0.04718   0.00174  -0.00006   0.00211
 103.00    -0.06477   0.00232  -0.00010   0.00281
 104.00    -0.07391   0.00152  -0.00029   0.00195
 105.00    -0.06567   0.00290  -0.00010   0.00353
 106.00    -0.08939   0.00268  -0.00031   0.00337
 107.00    -0.10390   0.00229  -0.00049   0.00302
 108.00    -0.13225   0.00340  -0.00059   0.00439
 109.00    -0.15594   0.00324  -0.00082   0.00435

 110.00    -0.16951   0.00422  -0.00080   0.00548
 111.00    -0.14649   0.00409  -0.00066   0.00529
 112.00    -0.09987   0.00356  -0.00030   0.00441
 113.00    -0.13360   0.00150  -0.00107   0.00263
 114.00    -0.16841   0.00175  -0.00137   0.00318
 115.00    -0.15893   0.00119  -0.00143   0.00261
 116.00    -0.15159   0.00083  -0.00148   0.00227
 117.00    -0.12675   0.00086  -0.00128   0.00220
 118.00    -0.12336   0.00051  -0.00136   0.00190
 119.00    -0.12764   0.00045  -0.00142   0.00194

1                                                      P T O L E M Y
          ANALYZING POWERS FOR THE  >>>> REACTION <<<<  CHANNEL
087Kr(d,p)88Kr(2+ 7.053)                        12.08 MEV                                                                      
0  C.M.       iT11       T20       T21       T22
  ANGLE

 120.00    -0.11085   0.00015  -0.00136   0.00158
 121.00    -0.05057  -0.00026  -0.00086   0.00062
 122.00    -0.06996  -0.00057  -0.00119   0.00062
 123.00    -0.06067  -0.00080  -0.00117   0.00036
 124.00    -0.05024  -0.00105  -0.00114   0.00007
 125.00    -0.03869  -0.00127  -0.00108  -0.00023
 126.00    -0.01979  -0.00153  -0.00095  -0.00068
 127.00    -0.00681  -0.00143  -0.00075  -0.00077
 128.00     0.01767  -0.00195  -0.00063  -0.00161
 129.00     0.02351  -0.00230  -0.00064  -0.00202

 130.00     0.03568  -0.00231  -0.00046  -0.00228
 131.00     0.05045  -0.00246  -0.00028  -0.00276
 132.00     0.05517  -0.00246  -0.00017  -0.00293
 133.00     0.06245  -0.00253  -0.00004  -0.00326
 134.00     0.08003  -0.00268   0.00020  -0.00396
 135.00     0.07968  -0.00251   0.00032  -0.00397
 136.00     0.08943  -0.00266   0.00048  -0.00457
 137.00     0.09189  -0.00254   0.00063  -0.00479
 138.00     0.08886  -0.00260   0.00067  -0.00499
 139.00     0.09381  -0.00239   0.00088  -0.00531

 140.00     0.09109  -0.00215   0.00099  -0.00535
 141.00     0.09653  -0.00206   0.00120  -0.00594
 142.00     0.09880  -0.00204   0.00137  -0.00654
 143.00     0.11285  -0.00286   0.00162  -0.00857
 144.00     0.09699  -0.00235   0.00156  -0.00780
 145.00     0.09668  -0.00245   0.00168  -0.00852
 146.00     0.09504  -0.00254   0.00177  -0.00917
 147.00     0.09185  -0.00189   0.00201  -0.00960
 148.00     0.09894  -0.00267   0.00216  -0.01143
 149.00     0.10583  -0.00311   0.00238  -0.01329

 150.00     0.09409  -0.00260   0.00222  -0.01219
 151.00     0.09186  -0.00222   0.00232  -0.01256
 152.00     0.09103  -0.00182   0.00242  -0.01305
 153.00     0.08929  -0.00129   0.00247  -0.01317
 154.00     0.08681  -0.00062   0.00251  -0.01309
 155.00     0.08381   0.00020   0.00255  -0.01296
 156.00     0.07978   0.00101   0.00250  -0.01222
 157.00     0.08160   0.00183   0.00255  -0.01228
 158.00     0.07284   0.00295   0.00248  -0.01132
 159.00     0.06902   0.00390   0.00242  -0.01054

1                                                      P T O L E M Y
          ANALYZING POWERS FOR THE  >>>> REACTION <<<<  CHANNEL
087Kr(d,p)88Kr(2+ 7.053)                        12.08 MEV                                                                      
0  C.M.       iT11       T20       T21       T22
  ANGLE

 160.00     0.06526   0.00493   0.00238  -0.00989
 161.00     0.06117   0.00593   0.00231  -0.00914
 162.00     0.05711   0.00692   0.00223  -0.00838
 163.00     0.05312   0.00789   0.00215  -0.00762
 164.00     0.04950   0.00878   0.00205  -0.00682
 165.00     0.04575   0.00991   0.00198  -0.00625
 166.00     0.04178   0.01058   0.00185  -0.00540
 167.00     0.03822   0.01145   0.00174  -0.00474
 168.00     0.03476   0.01223   0.00162  -0.00409
 169.00     0.03140   0.01297   0.00150  -0.00347

 170.00     0.02817   0.01366   0.00138  -0.00290
 171.00     0.02503   0.01430   0.00125  -0.00237
 172.00     0.02198   0.01487   0.00112  -0.00189
 173.00     0.01893   0.01542   0.00099  -0.00146
 174.00     0.01592   0.01575   0.00084  -0.00107
 175.00     0.01332   0.01622   0.00071  -0.00075
 176.00     0.01058   0.01654   0.00057  -0.00048
 177.00     0.00789   0.01679   0.00043  -0.00027
 178.00     0.00524   0.01697   0.00029  -0.00012
 179.00     0.00261   0.01708   0.00014  -0.00003

 180.00     0.00000   0.01712   0.00000   0.00000
1                                                      P T O L E M Y
          ANALYZING POWERS FOR THE  >>>> INCOMING <<<<  CHANNEL
087Kr(d,p)88Kr(2+ 7.053)                        12.08 MEV                                                                      
0  C.M.       iT11       T20       T21       T22
  ANGLE

   0.00     0.00000   0.00000   0.00000   0.00000
   1.00     0.00000   0.00000   0.00000   0.00000
   2.00     0.00000   0.00001   0.00000   0.00000
   3.00     0.00000   0.00001   0.00000   0.00000
   4.00     0.00001  -0.00002   0.00000   0.00000
   5.00     0.00002  -0.00005   0.00000   0.00000
   6.00     0.00001  -0.00003   0.00000   0.00000
   7.00    -0.00004   0.00003   0.00000   0.00000
   8.00    -0.00010   0.00009  -0.00001  -0.00001
   9.00    -0.00016   0.00013  -0.00001  -0.00002

  10.00    -0.00017   0.00014  -0.00002  -0.00003
  11.00    -0.00013   0.00012  -0.00002  -0.00003
  12.00    -0.00001   0.00007  -0.00001  -0.00003
  13.00     0.00017  -0.00001   0.00000  -0.00002
  14.00     0.00041  -0.00010   0.00002   0.00001
  15.00     0.00067  -0.00018   0.00004   0.00005
  16.00     0.00092  -0.00023   0.00006   0.00010
  17.00     0.00111  -0.00026   0.00007   0.00016
  18.00     0.00122  -0.00025   0.00009   0.00023
  19.00     0.00121  -0.00021   0.00010   0.00030

  20.00     0.00106  -0.00014   0.00010   0.00036
  21.00     0.00076  -0.00005   0.00009   0.00041
  22.00     0.00029   0.00007   0.00007   0.00045
  23.00    -0.00035   0.00019   0.00005   0.00047
  24.00    -0.00116   0.00032   0.00002   0.00046
  25.00    -0.00213   0.00043  -0.00002   0.00043
  26.00    -0.00321   0.00053  -0.00007   0.00036
  27.00    -0.00438   0.00060  -0.00012   0.00026
  28.00    -0.00555   0.00063  -0.00017   0.00012
  29.00    -0.00663   0.00060  -0.00022  -0.00007

  30.00    -0.00750   0.00050  -0.00026  -0.00029
  31.00    -0.00805   0.00034  -0.00029  -0.00055
  32.00    -0.00817   0.00010  -0.00030  -0.00083
  33.00    -0.00775  -0.00020  -0.00029  -0.00112
  34.00    -0.00676  -0.00055  -0.00025  -0.00142
  35.00    -0.00516  -0.00095  -0.00019  -0.00170
  36.00    -0.00299  -0.00136  -0.00010  -0.00195
  37.00    -0.00030  -0.00178   0.00001  -0.00216
  38.00     0.00281  -0.00218   0.00013  -0.00233
  39.00     0.00626  -0.00255   0.00027  -0.00245

1                                                      P T O L E M Y
          ANALYZING POWERS FOR THE  >>>> INCOMING <<<<  CHANNEL
087Kr(d,p)88Kr(2+ 7.053)                        12.08 MEV                                                                      
0  C.M.       iT11       T20       T21       T22
  ANGLE

  40.00     0.00992  -0.00288   0.00043  -0.00250
  41.00     0.01367  -0.00314   0.00059  -0.00249
  42.00     0.01736  -0.00332   0.00074  -0.00241
  43.00     0.02086  -0.00342   0.00090  -0.00225
  44.00     0.02399  -0.00341   0.00104  -0.00201
  45.00     0.02660  -0.00329   0.00117  -0.00168
  46.00     0.02850  -0.00305   0.00127  -0.00128
  47.00     0.02953  -0.00269   0.00134  -0.00080
  48.00     0.02953  -0.00221   0.00137  -0.00025
  49.00     0.02839  -0.00162   0.00135   0.00036

  50.00     0.02604  -0.00095   0.00128   0.00099
  51.00     0.02246  -0.00021   0.00117   0.00163
  52.00     0.01769   0.00057   0.00100   0.00224
  53.00     0.01184   0.00134   0.00078   0.00280
  54.00     0.00506   0.00208   0.00052   0.00327
  55.00    -0.00245   0.00274   0.00022   0.00362
  56.00    -0.01049   0.00328  -0.00011   0.00382
  57.00    -0.01882   0.00368  -0.00046   0.00386
  58.00    -0.02725   0.00391  -0.00083   0.00369
  59.00    -0.03554   0.00394  -0.00120   0.00332

  60.00    -0.04348   0.00375  -0.00156   0.00271
  61.00    -0.05089   0.00331  -0.00191   0.00184
  62.00    -0.05753   0.00260  -0.00224   0.00071
  63.00    -0.06318   0.00161  -0.00253  -0.00071
  64.00    -0.06761   0.00033  -0.00278  -0.00242
  65.00    -0.07052  -0.00127  -0.00297  -0.00444
  66.00    -0.07160  -0.00319  -0.00308  -0.00676
  67.00    -0.07051  -0.00540  -0.00310  -0.00937
  68.00    -0.06689  -0.00790  -0.00301  -0.01223
  69.00    -0.06038  -0.01062  -0.00279  -0.01526

  70.00    -0.05072  -0.01348  -0.00242  -0.01837
  71.00    -0.03775  -0.01634  -0.00189  -0.02140
  72.00    -0.02157  -0.01904  -0.00119  -0.02416
  73.00    -0.00255  -0.02137  -0.00035  -0.02643
  74.00     0.01854  -0.02311   0.00062  -0.02798
  75.00     0.04060  -0.02407   0.00167  -0.02859
  76.00     0.06230  -0.02409   0.00273  -0.02813
  77.00     0.08224  -0.02311   0.00374  -0.02655
  78.00     0.09917  -0.02117   0.00463  -0.02392
  79.00     0.11214  -0.01839   0.00536  -0.02038

1                                                      P T O L E M Y
          ANALYZING POWERS FOR THE  >>>> INCOMING <<<<  CHANNEL
087Kr(d,p)88Kr(2+ 7.053)                        12.08 MEV                                                                      
0  C.M.       iT11       T20       T21       T22
  ANGLE

  80.00     0.12065  -0.01494   0.00588  -0.01617
  81.00     0.12460  -0.01105   0.00619  -0.01151
  82.00     0.12420  -0.00692   0.00629  -0.00666
  83.00     0.11989  -0.00274   0.00619  -0.00180
  84.00     0.11222   0.00134   0.00592   0.00290
  85.00     0.10175   0.00519   0.00549   0.00732
  86.00     0.08898   0.00874   0.00494   0.01137
  87.00     0.07439   0.01192   0.00429   0.01499
  88.00     0.05834   0.01469   0.00354   0.01815
  89.00     0.04114   0.01701   0.00272   0.02081

  90.00     0.02305   0.01885   0.00185   0.02295
  91.00     0.00425   0.02020   0.00092   0.02454
  92.00    -0.01507   0.02101  -0.00006   0.02555
  93.00    -0.03475   0.02127  -0.00106   0.02594
  94.00    -0.05465   0.02092  -0.00209   0.02568
  95.00    -0.07459   0.01993  -0.00313   0.02470
  96.00    -0.09436   0.01825  -0.00417   0.02295
  97.00    -0.11371   0.01582  -0.00520   0.02037
  98.00    -0.13232   0.01259  -0.00620   0.01687
  99.00    -0.14980   0.00851  -0.00715   0.01240

 100.00    -0.16563   0.00353  -0.00801   0.00688
 101.00    -0.17919  -0.00236  -0.00875   0.00026
 102.00    -0.18972  -0.00915  -0.00934  -0.00746
 103.00    -0.19636  -0.01679  -0.00971  -0.01625
 104.00    -0.19813  -0.02513  -0.00981  -0.02600
 105.00    -0.19402  -0.03396  -0.00959  -0.03649
 106.00    -0.18310  -0.04293  -0.00899  -0.04738
 107.00    -0.16467  -0.05159  -0.00797  -0.05819
 108.00    -0.13847  -0.05939  -0.00651  -0.06829
 109.00    -0.10485  -0.06573  -0.00464  -0.07699

 110.00    -0.06490  -0.07001  -0.00242  -0.08358
 111.00    -0.02051  -0.07175   0.00005  -0.08744
 112.00     0.02587  -0.07069   0.00263  -0.08816
 113.00     0.07149  -0.06680   0.00516  -0.08562
 114.00     0.11372  -0.06034   0.00749  -0.07998
 115.00     0.15038  -0.05179   0.00949  -0.07170
 116.00     0.18001  -0.04175   0.01109  -0.06138
 117.00     0.20186  -0.03085   0.01224  -0.04971
 118.00     0.21586  -0.01968   0.01294  -0.03735
 119.00     0.22244  -0.00875   0.01321  -0.02488

1                                                      P T O L E M Y
          ANALYZING POWERS FOR THE  >>>> INCOMING <<<<  CHANNEL
087Kr(d,p)88Kr(2+ 7.053)                        12.08 MEV                                                                      
0  C.M.       iT11       T20       T21       T22
  ANGLE

 120.00     0.22234   0.00155   0.01309  -0.01277
 121.00     0.21645   0.01095   0.01264  -0.00135
 122.00     0.20568   0.01927   0.01191   0.00912
 123.00     0.19091   0.02639   0.01096   0.01850
 124.00     0.17293   0.03226   0.00982   0.02670
 125.00     0.15242   0.03688   0.00853   0.03368
 126.00     0.12997   0.04026   0.00714   0.03944
 127.00     0.10606   0.04243   0.00566   0.04399
 128.00     0.08111   0.04343   0.00413   0.04736
 129.00     0.05546   0.04331   0.00257   0.04959

 130.00     0.02940   0.04211   0.00099   0.05070
 131.00     0.00319   0.03987  -0.00059   0.05074
 132.00    -0.02293   0.03664  -0.00216   0.04973
 133.00    -0.04873   0.03246  -0.00370   0.04771
 134.00    -0.07399   0.02737  -0.00520   0.04468
 135.00    -0.09846   0.02141  -0.00664   0.04068
 136.00    -0.12189   0.01462  -0.00800   0.03570
 137.00    -0.14396   0.00705  -0.00926   0.02974
 138.00    -0.16435  -0.00127  -0.01041   0.02280
 139.00    -0.18263  -0.01028  -0.01140   0.01486

 140.00    -0.19836  -0.01991  -0.01222   0.00590
 141.00    -0.21101  -0.03009  -0.01282  -0.00409
 142.00    -0.21996  -0.04070  -0.01316  -0.01514
 143.00    -0.22457  -0.05161  -0.01319  -0.02724
 144.00    -0.22414  -0.06266  -0.01286  -0.04039
 145.00    -0.21797  -0.07362  -0.01213  -0.05453
 146.00    -0.20542  -0.08424  -0.01095  -0.06957
 147.00    -0.18598  -0.09421  -0.00926  -0.08536
 148.00    -0.15935  -0.10316  -0.00707  -0.10166
 149.00    -0.12555  -0.11073  -0.00435  -0.11817

 150.00    -0.08499  -0.11651  -0.00114  -0.13449
 151.00    -0.03851  -0.12014   0.00251  -0.15017
 152.00     0.01258  -0.12132   0.00650  -0.16473
 153.00     0.06665  -0.11983   0.01071  -0.17768
 154.00     0.12179  -0.11558   0.01501  -0.18859
 155.00     0.17605  -0.10858   0.01925  -0.19712
 156.00     0.22758  -0.09897   0.02330  -0.20301
 157.00     0.27480  -0.08701   0.02703  -0.20618
 158.00     0.31650  -0.07297   0.03035  -0.20662
 159.00     0.35185  -0.05720   0.03319  -0.20447

1                                                      P T O L E M Y
          ANALYZING POWERS FOR THE  >>>> INCOMING <<<<  CHANNEL
087Kr(d,p)88Kr(2+ 7.053)                        12.08 MEV                                                                      
0  C.M.       iT11       T20       T21       T22
  ANGLE

 160.00     0.38044  -0.04003   0.03552  -0.19991
 161.00     0.40215  -0.02178   0.03730  -0.19320
 162.00     0.41716  -0.00273   0.03856  -0.18460
 163.00     0.42578   0.01685   0.03930  -0.17441
 164.00     0.42846   0.03675   0.03955  -0.16291
 165.00     0.42568   0.05675   0.03934  -0.15038
 166.00     0.41793   0.07668   0.03870  -0.13709
 167.00     0.40568   0.09636   0.03766  -0.12329
 168.00     0.38938   0.11563   0.03625  -0.10923
 169.00     0.36942   0.13430   0.03450  -0.09514

 170.00     0.34618   0.15222   0.03243  -0.08127
 171.00     0.31999   0.16919   0.03007  -0.06784
 172.00     0.29116   0.18504   0.02744  -0.05508
 173.00     0.25998   0.19959   0.02457  -0.04320
 174.00     0.22674   0.21265   0.02149  -0.03242
 175.00     0.19172   0.22404   0.01821  -0.02293
 176.00     0.15520   0.23361   0.01477  -0.01489
 177.00     0.11747   0.24122   0.01119  -0.00848
 178.00     0.07883   0.24674   0.00752  -0.00380
 179.00     0.03957   0.25009   0.00378  -0.00095

 180.00     0.00000   0.25121   0.00000   0.00000
1                                                      P T O L E M Y
          ANALYZING POWERS FOR THE  >>>> OUTGOING <<<<  CHANNEL
087Kr(d,p)88Kr(2+ 7.053)                         7.45 MEV                                                                      
0  C.M.       iT11
  ANGLE

   0.00     0.00000
   1.00     0.00000
   2.00     0.00000
   3.00     0.00000
   4.00     0.00003
   5.00     0.00005
   6.00     0.00004
   7.00    -0.00003
   8.00    -0.00015
   9.00    -0.00030

  10.00    -0.00046
  11.00    -0.00059
  12.00    -0.00066
  13.00    -0.00064
  14.00    -0.00051
  15.00    -0.00026
  16.00     0.00012
  17.00     0.00062
  18.00     0.00122
  19.00     0.00190

  20.00     0.00261
  21.00     0.00333
  22.00     0.00399
  23.00     0.00457
  24.00     0.00502
  25.00     0.00531
  26.00     0.00542
  27.00     0.00532
  28.00     0.00500
  29.00     0.00447

  30.00     0.00372
  31.00     0.00276
  32.00     0.00159
  33.00     0.00024
  34.00    -0.00129
  35.00    -0.00297
  36.00    -0.00479
  37.00    -0.00672
  38.00    -0.00874
  39.00    -0.01082

1                                                      P T O L E M Y
          ANALYZING POWERS FOR THE  >>>> OUTGOING <<<<  CHANNEL
087Kr(d,p)88Kr(2+ 7.053)                         7.45 MEV                                                                      
0  C.M.       iT11
  ANGLE

  40.00    -0.01292
  41.00    -0.01501
  42.00    -0.01703
  43.00    -0.01893
  44.00    -0.02065
  45.00    -0.02211
  46.00    -0.02324
  47.00    -0.02393
  48.00    -0.02410
  49.00    -0.02364

  50.00    -0.02244
  51.00    -0.02041
  52.00    -0.01748
  53.00    -0.01359
  54.00    -0.00871
  55.00    -0.00289
  56.00     0.00380
  57.00     0.01122
  58.00     0.01920
  59.00     0.02749

  60.00     0.03587
  61.00     0.04407
  62.00     0.05185
  63.00     0.05901
  64.00     0.06538
  65.00     0.07083
  66.00     0.07529
  67.00     0.07873
  68.00     0.08115
  69.00     0.08257

  70.00     0.08305
  71.00     0.08265
  72.00     0.08143
  73.00     0.07947
  74.00     0.07682
  75.00     0.07356
  76.00     0.06975
  77.00     0.06542
  78.00     0.06064
  79.00     0.05544

1                                                      P T O L E M Y
          ANALYZING POWERS FOR THE  >>>> OUTGOING <<<<  CHANNEL
087Kr(d,p)88Kr(2+ 7.053)                         7.45 MEV                                                                      
0  C.M.       iT11
  ANGLE

  80.00     0.04987
  81.00     0.04394
  82.00     0.03769
  83.00     0.03115
  84.00     0.02433
  85.00     0.01726
  86.00     0.00996
  87.00     0.00243
  88.00    -0.00529
  89.00    -0.01320

  90.00    -0.02127
  91.00    -0.02948
  92.00    -0.03782
  93.00    -0.04624
  94.00    -0.05471
  95.00    -0.06321
  96.00    -0.07168
  97.00    -0.08007
  98.00    -0.08832
  99.00    -0.09635

 100.00    -0.10407
 101.00    -0.11137
 102.00    -0.11815
 103.00    -0.12426
 104.00    -0.12955
 105.00    -0.13384
 106.00    -0.13695
 107.00    -0.13867
 108.00    -0.13879
 109.00    -0.13711

 110.00    -0.13343
 111.00    -0.12757
 112.00    -0.11941
 113.00    -0.10888
 114.00    -0.09600
 115.00    -0.08087
 116.00    -0.06370
 117.00    -0.04482
 118.00    -0.02462
 119.00    -0.00358

1                                                      P T O L E M Y
          ANALYZING POWERS FOR THE  >>>> OUTGOING <<<<  CHANNEL
087Kr(d,p)88Kr(2+ 7.053)                         7.45 MEV                                                                      
0  C.M.       iT11
  ANGLE

 120.00     0.01775
 121.00     0.03886
 122.00     0.05923
 123.00     0.07842
 124.00     0.09604
 125.00     0.11183
 126.00     0.12561
 127.00     0.13728
 128.00     0.14685
 129.00     0.15437

 130.00     0.15995
 131.00     0.16375
 132.00     0.16592
 133.00     0.16664
 134.00     0.16609
 135.00     0.16444
 136.00     0.16185
 137.00     0.15848
 138.00     0.15446
 139.00     0.14992

 140.00     0.14496
 141.00     0.13970
 142.00     0.13420
 143.00     0.12855
 144.00     0.12281
 145.00     0.11704
 146.00     0.11129
 147.00     0.10559
 148.00     0.09998
 149.00     0.09450

 150.00     0.08915
 151.00     0.08397
 152.00     0.07896
 153.00     0.07414
 154.00     0.06952
 155.00     0.06509
 156.00     0.06087
 157.00     0.05684
 158.00     0.05302
 159.00     0.04938

1                                                      P T O L E M Y
          ANALYZING POWERS FOR THE  >>>> OUTGOING <<<<  CHANNEL
087Kr(d,p)88Kr(2+ 7.053)                         7.45 MEV                                                                      
0  C.M.       iT11
  ANGLE

 160.00     0.04593
 161.00     0.04265
 162.00     0.03954
 163.00     0.03659
 164.00     0.03379
 165.00     0.03112
 166.00     0.02857
 167.00     0.02614
 168.00     0.02380
 169.00     0.02155

 170.00     0.01938
 171.00     0.01728
 172.00     0.01523
 173.00     0.01323
 174.00     0.01128
 175.00     0.00935
 176.00     0.00745
 177.00     0.00557
 178.00     0.00371
 179.00     0.00185

 180.00     0.00000
0
0
0CPU TIMES FOR CROSS SECTIONS (SECONDS):
0PRINTING PHASE SHIFTS            0.000
 ELASTIC CROSS SECTIONS           0.004
 BETA'S (SUM ON LI)               0.000
 REACTION CROSS SECTIONS          0.005          (   0.24 MFLOPS = 48.626 MFLOP/SEC )
 REACTION ANALYZING POWERS        0.001
 ELASTIC ANALYZING POWERS         0.002
 ALL OTHER TIME                   0.000
 TOTAL TIME                              0.012

0
0INPUT... writens crosssec
 NUMBERED STORAGE OBJECT 121 with    181 elements WRITTEN TO FT15 WITH 5G14.5 FORMAT
0INPUT... end
0               ALLOCATOR STATISTICS
                                        WORDS   KILOBYTES
 ALLOCATOR SIZE:                      6249990   48828.0
 CURRENT UNCOMPRESSED SIZE:             83842     655.0
 CURRENT COMPRESSED SIZE:               10525      82.2
 PEAK COMPRESSED SIZE:                  60004     468.8
0NAME STACK SIZE:                         500
 CURRENT HIGHEST NAME:                    133
 CURRENT NAMES IN USE:                     44
 PEAK NAMES IN USE:                        69
 NUMBER OF ALLOCATOR COMPRESSES:            0


-TOTAL PTOLEMY CPU TIME =   0.11 SECONDS.
