                                                 P T O L E M Y
 April 2007 version     Computer: Intel Pentium, Redhat Linux  ladd19.triumf.ca          31 May 15  204633.002

0INPUT... reset
                                                 P T O L E M Y
 April 2007 version     Computer: Intel Pentium, Redhat Linux  ladd19.triumf.ca          31 May 15  204633.003

0INPUT... print 0
0INPUT... r0target
0INPUT... $JBIGA = 0 parbiga = +1
0INPUT... REACTION:  88Rb(d,p)89Rb(7.174655 3/2)   ELAB = 12.084610
0INPUT... PARAMETERSET alpha2
0INPUT... PROJECTILE $deuteron bound state parameters
0INPUT... ASYMPTOPIA = 100
0INPUT... R = 1  A = 0.5  WAVEFUNCTION = REID L = 0
 LINKULE REID     IS LINKULE NUMBER/location       7
0INPUT... ;
0FIXED COMMON BLOCK VERSION OF PTOLEMY,  ALLOCATOR SIZE =  6249990 WORDS.

 Check of LOC:   136707280   136707280
 CURRENT ALLOCATOR SIZE =    6249990 words          BIASES =    136707280   136707264           3
0INPUT... TARGET
0INPUT... ASYMPTOPIA = 100
0INPUT... NODES = 3
0INPUT... R0 = 1.28   A=.76 L=0
0INPUT... VSO = 6   RSO0 = 1.09   ASO = .6
0INPUT... ;
0INPUT... INCOMING
0INPUT... $Deuteron potential calculated for Z=37 A=88 E_d=12.084610
0INPUT... $Charge Radius
0INPUT... RC0 = 1.303000
0INPUT... $Real Volume Terms
0INPUT... V = 94.198298
0INPUT... R0 = 1.150255
0INPUT... A = 0.775044
0INPUT... $Imaginary Volume Terms
0INPUT... VI = 1.855663
0INPUT... RI0 = 1.327415
0INPUT... AI = 0.410204
0INPUT... $Imaginary Surface Terms
0INPUT... VSI = 10.460211
0INPUT... RSI0 = 1.368173
0INPUT... ASI= 0.806774
0INPUT... $Real Spin-Orbit Terms
0INPUT... $VSO = 3.557000
0INPUT... $RSO0 = 0.972000
0INPUT... $ASO = 1.011000
0INPUT... ;
0INPUT... OUTGOING
0INPUT... $Proton potential calculated for Z=37 Ac=89 E_p=9.481725
0INPUT... $Charge Radius
0INPUT... RC0 = 1.240290
0INPUT... $Real Volume Terms
0INPUT... V = 58.271740
0INPUT... R0 = 1.213100
0INPUT... A = 0.664566
0INPUT... $Imaginary Volume Terms
0INPUT... VI = 0.635902
0INPUT... RI0 = 1.213100
0INPUT... AI = 0.664566
0INPUT... $Imaginary Surface Terms
0INPUT... VSI = 13.001616
0INPUT... RSI0 = 1.271634
0INPUT... ASI= 0.565025
0INPUT... $Real Spin-Orbit Terms
0INPUT... $VSO = 5.789942
0INPUT... $RSO0 = 1.040487
0INPUT... $ASO = 0.590000
0INPUT... $Imaginary Spin-Orbit Terms
0INPUT... $VSOI = -0.033261
0INPUT... $RSOI0 = 1.040487
0INPUT... $ASOI = 0.590000
0INPUT... ;
0INPUT... ANGLEMAX = 180   anglestep = 1
0INPUT... ;
0**** WARNING:  SEARCH FOR THE DIF GRIDS WAS STOPPED   5 TIMES BY BOUND STATE ASYMPTOPIA.
 **** IN FUTURE RUNS INCREASE ASYMPTOPIA TO MORE THAN:           6.80 (PROJECTILE)         101.16 (TARGET)
0*** ILLEGAL VMIN OR VMAX:  1    0.30962       -0.94778         1.0235    
 *** VALUES SET TO MAXIMUM ALLOWED.
0*** ILLEGAL INTERPOLATED VMIN OR VMAX:   1    0.22943       -0.94181         1.0209    
 *** VALUES SET TO MAXIMUM ALLOWED.
0*** ILLEGAL INTERPOLATED VMIN OR VMAX:   2    0.35488       -0.95113         1.0249    
 *** VALUES SET TO MAXIMUM ALLOWED.
 **** WARNING:  IN THE PHI-GRID SEARCHES      26 BOUND STATE WAVEFUNCTIONS WERE NEEDED BEYOND THE BOUND STATE ASYMPTOPIA.
 **** IN FUTURE RUNS INCREASE ASYMPTOPIA TO MORE THAN:           8.15 (PROJECTILE)         100.53 (TARGET)
 **** ERROR:     201 BOUND STATE WAVEFUNCTIONS WERE NEEDED BEYOND THE BOUND STATE ASYMPTOPIA.
 **** IN FUTURE RUNS INCREASE ASYMPTOPIA TO MORE THAN:          12.72 (PROJECTILE)         100.62 (TARGET)
1                                                          P T O L E M Y
          COMPUTATION OF TRANSFER S-MATRIX ELEMENTS                                           WHEELS WITHIN WHEELS
088Rb(d,p)89Rb(7.174655 3/2)                  ELAB =  12.08 MEV                                                                      

0TIME IN A12                        0.000 SEC
 IN PHI & A12 LOOP                  0.029 SEC
 INTERPOLATING H'S                  0.004 SEC
 COMPUTING SCATTERING WAVES         0.000 SEC
 INTERPOLATING SCATTERING WAVES     0.005 SEC
 REST OF RI & RO LOOP               0.003 SEC
 REST OF LO LOOP                    0.001 SEC
 ALL OTHER TIME                     0.000 SEC
 TOTAL TIME                         0.042 SEC
 NUMBER OF CALLS TO second           3228 CALLS
 
     3822000 PASSES WERE MADE THROUGH THE INNERMOST LOOP;        AVERAGE TERM TIME =    0.008 MICROSECONDS
     3822000 ITERATIONS OF COS(ARG-MU*PHI) WERE MADE;          AVERAGE COSINE TIME =    0.008 MICROSECONDS
      546000 PASSES WERE MADE THROUGH THE (M1, M2) LOOP
      546000 PASSES WERE MADE THE PHI LOOP
       39000 H'S WERE COMPUTED OR READ                              AVERAGE H TIME =    0.001 MILLISECONDS
       75660 H'S WERE FOUND BY INTERPOLATION          AVERAGE H-INTERPOLATION TIME =    0.053 MICROSECONDS
        0.00% OF THE (RI,RO) POINTS WERE SKIPPED DUE TO DWCUTOFF.


1                                                          P T O L E M Y
                                               INTERPOLATION AND EXTRAPOLATION IN L
088Rb(d,p)89Rb(7.174655 3/2)                  ELAB =  12.08 MEV                                                                      

0USING WOODS-SAXON     EXTRAPOLATION FUNCTIONS.
0EXTRAPOLATION AND CONTINUED FRACTION OVERLAP REGION:  22 < LI <  25

0**** ERROR:  CANNOT EXTRAPOLATE FOR CHANNEL  2  (JP,JT,LX,LO-LI) = (  1/2  1/2 0  0) ****
 ****         SINCE FOR LI =  23 |S| EXCEEDS PREVIOUS: 0.1336E-02 0.5991E-03 ****
0**** ERROR:  CANNOT EXTRAPOLATE FOR CHANNEL  2  (JP,JT,LX,LO-LI) = (  1/2  1/2 0  0) ****
 ****         SINCE FOR LI =  25 |S| EXCEEDS PREVIOUS: 0.1879E-02 0.1257E-02 ****

0                                               SUMMARY OF EXTRAPOLATION PARAMETERS
0                   |S| = A/( C + EXP( (LI-LCRIT)/LWIDTH ) )           PHASE = CP + AP*(SUM OF ELASTIC PHASE-SHIFTS)
                OR      = A*(   25./L)**B * (1+LCRIT/L)                      = CP + AP*(   25./L)**BP
                OR      = ABOVE * SIN(ATAN(ETA/L))**LX
                          * EXP(-(ETA2-ETA1)(ATAN(ETA/L)+L/ETA))
0CHANNEL   JP   JT  LX LO-LI     PEAK         MAX L                 MAGNITUDE EXTRAPOLATION                PHASE EXTRAPOLATION
                              LI     VALUE     USED          A         C    LWIDTH    LCRIT   MAX L         CP        AP        BP
                                                                            OR B              NEEDED

    2     1/2  1/2  0    0     2    0.578E-01    25       0.0000       0     0.000    0.00         0        0.000     0.000     0.000
0 TIME FOR L-INTERPOLATIONS :   0.000 SECONDS

1                                                      P T O L E M Y
          COMPUTATION OF CROSS SECTIONS                                      SOPHISTICATED PROGRAMS CONTAIN SUBTLE ERRORS
088Rb(d,p)89Rb(7.174655 3/2)                    12.08 MEV                                                                      

0  C.M.  REACTION     REACTION   LOW L  HIGH L   % FROM
+                                                          INCOMING ELASTIC      OUTGOING 
  ANGLE  C.M. MB        /RUTH     %/L   % ERROR  L>LMAX
+                                                          C.M. MB      /RUTH      /RUTH
 
   0.00  0.33942      0.000000   43.09    4.02     0.0   0.12712E+42  1.000000    1.000000
   1.00  0.33455      0.000000   43.50    3.87     0.0   0.21906E+10  0.999373    0.999855
   2.00  0.32036      0.000000   44.73    3.42     0.0   0.13740E+09  1.002781    1.000802
   3.00  0.29800      0.000000   46.87    2.73     0.0   0.27116E+08  1.001605    0.999615
   4.00  0.26928      0.000000   50.00    1.92     0.0   0.84709E+07  0.988557    0.996871
   5.00  0.23633      0.000000   54.27    1.42     0.0   0.34562E+07  0.984259    0.995686
   6.00  0.20428      0.000000   59.50    1.57     0.0   0.16890E+07  0.996857    0.997522
   7.00  0.16534      0.000000   67.26    0.53     0.0   0.93287E+06  1.019339    1.002016
   8.00  0.13326      0.000000   75.35    1.07     0.0   0.55858E+06  1.040450    1.007881
   9.00  0.10272      0.000000   85.63    6.92     0.0   0.35293E+06  1.052100    1.013676
 
  10.00  0.76414E-01  0.000000   94.75   20.50     0.0   0.23164E+06  1.051462    1.018230
  11.00  0.61180E-01  0.000000   99.07   12.94     0.0   0.15665E+06  1.039967    1.020807
  12.00  0.46052E-01  0.000000   98.23    8.08     0.0   0.10875E+06  1.021331    1.021102
  13.00  0.34032E-01  0.000000   87.39    3.52     0.0    77384.      0.999726    1.019166
  14.00  0.23112E-01  0.000000   59.29    6.29     0.0    56392.      0.978577    1.015296
  15.00  0.17869E-01  0.000000   33.79    6.97     0.0    42041.      0.959986    1.009934
  16.00  0.14262E-01  0.000000    6.54    1.25     0.0    32008.      0.944665    1.003572
  17.00  0.13286E-01  0.000000  -11.50   18.47     0.0    24825.      0.932178    0.996684
  18.00  0.13259E-01  0.000001  -19.40    0.12     0.0    19556.      0.921331    0.989681
  19.00  0.14812E-01  0.000001  -25.06    7.87     0.0    15599.      0.910588    0.982875
 
  20.00  0.21995E-01  0.000001  -44.60  101.60     0.0    12560.      0.898429    0.976470
  21.00  0.27775E-01  0.000002  -15.30   21.08     0.0    10184.      0.883617    0.970561
  22.00  0.36200E-01  0.000003   -6.15   20.13     0.0    8298.5      0.865354    0.965140
  23.00  0.40538E-01  0.000004   -3.47    5.71     0.0    6785.5      0.843338    0.960111
  24.00  0.48433E-01  0.000006   -2.08    0.15     0.0    5563.0      0.817747    0.955307
  25.00  0.54180E-01  0.000008    0.10    1.03     0.0    4571.1      0.789155    0.950510
  26.00  0.59756E-01  0.000010    1.29    2.46     0.0    3765.0      0.758418    0.945472
  27.00  0.67812E-01  0.000013    2.12    1.74     0.0    3109.8      0.726554    0.939932
  28.00  0.71590E-01  0.000016    2.98    0.20     0.0    2577.8      0.694613    0.933636
  29.00  0.77195E-01  0.000019    3.43    0.07     0.0    2146.3      0.663575    0.926345
 
  30.00  0.84569E-01  0.000024    5.46    6.57     0.0    1796.8      0.634269    0.917857
  31.00  0.84049E-01  0.000027    3.62    5.56     0.0    1513.6      0.607316    0.908006
  32.00  0.87439E-01  0.000032    4.08    0.69     0.0    1284.1      0.583102    0.896677
  33.00  0.91865E-01  0.000038    5.08    0.62     0.0    1097.5      0.561783    0.883807
  34.00  0.10089      0.000047    5.01    0.22     0.0    945.14      0.543296    0.869385
  35.00  0.11152      0.000058    5.69    3.64     0.0    819.93      0.527403    0.853454
  36.00  0.12283      0.000072    7.13    0.84     0.0    716.17      0.513735    0.836107
  37.00  0.12795      0.000083    8.47    1.01     0.0    629.31      0.501844    0.817487
  38.00  0.14172      0.000102    9.41    2.14     0.0    555.83      0.491251    0.797776
  39.00  0.15139      0.000120   10.88    0.71     0.0    492.96      0.481497    0.777194
 
1                                                      P T O L E M Y
          COMPUTATION OF CROSS SECTIONS                                      SOPHISTICATED PROGRAMS CONTAIN SUBTLE ERRORS
088Rb(d,p)89Rb(7.174655 3/2)                    12.08 MEV                                                                      

0  C.M.  REACTION     REACTION   LOW L  HIGH L   % FROM
+                                                          INCOMING ELASTIC      OUTGOING 
  ANGLE  C.M. MB        /RUTH     %/L   % ERROR  L>LMAX
+                                                          C.M. MB      /RUTH      /RUTH
 
  40.00  0.16594      0.000145   11.86    2.98     0.0    438.63      0.472177    0.755990
  41.00  0.17809      0.000171   13.33    0.39     0.0    391.25      0.462972    0.734437
  42.00  0.19291      0.000203   14.32    3.11     0.0    349.64      0.453663    0.712820
  43.00  0.20021      0.000231   16.50    0.06     0.0    312.91      0.444140    0.691434
  44.00  0.20608      0.000259   18.22    1.50     0.0    280.41      0.434399    0.670575
  45.00  0.21088      0.000289   19.70    0.89     0.0    251.62      0.424524    0.650531
  46.00  0.21976      0.000327   21.40    2.39     0.0    226.15      0.414674    0.631579
  47.00  0.22099      0.000357   23.17    0.35     0.0    203.66      0.405052    0.613978
  48.00  0.21977      0.000384   25.00    1.21     0.0    183.87      0.395886    0.597963
  49.00  0.22061      0.000417   26.11    2.71     0.0    166.51      0.387396    0.583742
 
  50.00  0.22001      0.000448   28.00    0.78     0.0    151.33      0.379775    0.571492
  51.00  0.20872      0.000458   30.62    1.54     0.0    138.09      0.373165    0.561356
  52.00  0.20064      0.000473   32.32    0.23     0.0    126.55      0.367643    0.553440
  53.00  0.19372      0.000490   33.80    1.16     0.0    116.48      0.363215    0.547814
  54.00  0.18311      0.000497   35.77    2.06     0.0    107.67      0.359807    0.544511
  55.00  0.17445      0.000506   37.21    2.29     0.0    99.903      0.357271    0.543524
  56.00  0.16447      0.000510   38.47    2.25     0.0    92.999      0.355397    0.544811
  57.00  0.15495      0.000513   39.47    4.53     0.0    86.787      0.353918    0.548295
  58.00  0.14498      0.000511   40.27    2.17     0.0    81.119      0.352536    0.553865
  59.00  0.13687      0.000514   40.39    3.59     0.0    75.871      0.350936    0.561379
 
  60.00  0.12315      0.000491   41.07    3.73     0.0    70.942      0.348804    0.570666
  61.00  0.11484      0.000487   40.41    0.51     0.0    66.255      0.345853    0.581534
  62.00  0.11002      0.000494   38.22    0.36     0.0    61.754      0.341835    0.593767
  63.00  0.10291      0.000490   36.04    1.03     0.0    57.401      0.336558    0.607131
  64.00  0.96195E-01  0.000484   33.17    1.54     0.0    53.179      0.329898    0.621380
  65.00  0.90687E-01  0.000483   29.40    1.81     0.0    49.083      0.321806    0.636260
  66.00  0.85588E-01  0.000481   25.11    2.17     0.0    45.119      0.312312    0.651507
  67.00  0.83307E-01  0.000494   20.10    1.15     0.0    41.301      0.301523    0.666859
  68.00  0.80587E-01  0.000503   15.24    1.13     0.0    37.651      0.289618    0.682056
  69.00  0.78718E-01  0.000517   11.58    0.56     0.0    34.191      0.276837    0.696841
 
  70.00  0.78864E-01  0.000545    6.69    2.93     0.0    30.944      0.263472    0.710971
  71.00  0.74934E-01  0.000544    1.77    1.10     0.0    27.930      0.249852    0.724211
  72.00  0.74053E-01  0.000564   -2.17    0.11     0.0    25.167      0.236325    0.736345
  73.00  0.74725E-01  0.000597   -5.41    0.90     0.0    22.669      0.223243    0.747174
  74.00  0.75369E-01  0.000631   -8.20    0.46     0.0    20.442      0.210945    0.756518
  75.00  0.75622E-01  0.000663  -10.53    0.47     0.0    18.488      0.199743    0.764223
  76.00  0.76020E-01  0.000697  -12.55    1.53     0.0    16.803      0.189909    0.770156
  77.00  0.78309E-01  0.000751  -14.06    2.23     0.0    15.377      0.181661    0.774212
  78.00  0.80022E-01  0.000801  -15.21    2.64     0.0    14.195      0.175158    0.776311
  79.00  0.83619E-01  0.000874  -16.08    7.21     0.0    13.239      0.170490    0.776399
 
1                                                      P T O L E M Y
          COMPUTATION OF CROSS SECTIONS                                      SOPHISTICATED PROGRAMS CONTAIN SUBTLE ERRORS
088Rb(d,p)89Rb(7.174655 3/2)                    12.08 MEV                                                                      

0  C.M.  REACTION     REACTION   LOW L  HIGH L   % FROM
+                                                          INCOMING ELASTIC      OUTGOING 
  ANGLE  C.M. MB        /RUTH     %/L   % ERROR  L>LMAX
+                                                          C.M. MB      /RUTH      /RUTH
 
  80.00  0.83491E-01  0.000910  -16.53    1.58     0.0    12.486      0.167681    0.774451
  81.00  0.84660E-01  0.000962  -16.96    0.52     0.0    11.910      0.166684    0.770466
  82.00  0.85873E-01  0.001016  -17.20    0.31     0.0    11.486      0.167391    0.764472
  83.00  0.87011E-01  0.001071  -17.30    0.27     0.0    11.185      0.169631    0.756520
  84.00  0.88600E-01  0.001134  -17.19    0.61     0.0    10.982      0.173184    0.746686
  85.00  0.88646E-01  0.001179  -17.10    1.51     0.0    10.849      0.177790    0.735069
  86.00  0.88324E-01  0.001220  -16.94    2.04     0.0    10.762      0.183156    0.721786
  87.00  0.90148E-01  0.001292  -16.50    3.69     0.0    10.699      0.188974    0.706977
  88.00  0.86724E-01  0.001290  -16.42    4.20     0.0    10.641      0.194927    0.690795
  89.00  0.87186E-01  0.001344  -15.83    1.71     0.0    10.571      0.200706    0.673410
 
  90.00  0.86892E-01  0.001387  -15.26    1.44     0.0    10.475      0.206015    0.655002
  91.00  0.85447E-01  0.001412  -14.70    0.27     0.0    10.344      0.210588    0.635762
  92.00  0.83899E-01  0.001434  -14.05    0.02     0.0    10.169      0.214190    0.615887
  93.00  0.81689E-01  0.001444  -13.35    0.65     0.0    9.9464      0.216627    0.595580
  94.00  0.80693E-01  0.001474  -12.47    1.31     0.0    9.6753      0.217755    0.575045
  95.00  0.77610E-01  0.001464  -11.67    1.34     0.0    9.3560      0.217476    0.554485
  96.00  0.74354E-01  0.001448  -10.75    1.90     0.0    8.9918      0.215743    0.534100
  97.00  0.72435E-01  0.001455   -9.27    6.22     0.0    8.5874      0.212560    0.514086
  98.00  0.68042E-01  0.001410   -8.71    2.12     0.0    8.1489      0.207976    0.494632
  99.00  0.64592E-01  0.001379   -7.45    2.50     0.0    7.6835      0.202088    0.475915
 
 100.00  0.60651E-01  0.001334   -6.04    0.67     0.0    7.1992      0.195028    0.458104
 101.00  0.57132E-01  0.001293   -4.43    0.27     0.0    6.7040      0.186963    0.441353
 102.00  0.53382E-01  0.001243   -2.59    0.72     0.0    6.2062      0.178087    0.425802
 103.00  0.49662E-01  0.001190   -0.60    1.11     0.0    5.7136      0.168610    0.411577
 104.00  0.46619E-01  0.001148    1.88    1.68     0.0    5.2336      0.158755    0.398786
 105.00  0.43688E-01  0.001105    4.42    4.13     0.0    4.7730      0.148751    0.387521
 106.00  0.41147E-01  0.001069    6.40   10.01     0.0    4.3377      0.138820    0.377854
 107.00  0.38259E-01  0.001020   12.51    2.35     0.0    3.9325      0.129177    0.369840
 108.00  0.35962E-01  0.000984   16.82    3.90     0.0    3.5615      0.120021    0.363518
 109.00  0.33543E-01  0.000941   21.75    2.89     0.0    3.2274      0.111529    0.358904
 
 110.00  0.32434E-01  0.000933   27.97    0.05     0.0    2.9320      0.103854    0.356001
 111.00  0.30973E-01  0.000912   34.17    2.88     0.0    2.6763      0.097121    0.354791
 112.00  0.29681E-01  0.000895   40.89    0.76     0.0    2.4601      0.091423    0.355241
 113.00  0.28635E-01  0.000884   48.93    6.08     0.0    2.2825      0.086822    0.357302
 114.00  0.28424E-01  0.000898   57.04    7.45     0.0    2.1416      0.083348    0.360909
 115.00  0.26589E-01  0.000859   64.13    1.94     0.0    2.0351      0.081001    0.365986
 116.00  0.25472E-01  0.000841   72.44    3.42     0.0    1.9600      0.079750    0.372442
 117.00  0.25492E-01  0.000860   78.50    3.22     0.0    1.9130      0.079538    0.380175
 118.00  0.24821E-01  0.000856   85.14    0.56     0.0    1.8904      0.080283    0.389074
 119.00  0.24427E-01  0.000860   90.08    0.03     0.0    1.8885      0.081884    0.399021
 
1                                                      P T O L E M Y
          COMPUTATION OF CROSS SECTIONS                                      SOPHISTICATED PROGRAMS CONTAIN SUBTLE ERRORS
088Rb(d,p)89Rb(7.174655 3/2)                    12.08 MEV                                                                      

0  C.M.  REACTION     REACTION   LOW L  HIGH L   % FROM
+                                                          INCOMING ELASTIC      OUTGOING 
  ANGLE  C.M. MB        /RUTH     %/L   % ERROR  L>LMAX
+                                                          C.M. MB      /RUTH      /RUTH
 
 120.00  0.24286E-01  0.000872   93.10    1.28     0.0    1.9033      0.084221    0.409888
 121.00  0.24817E-01  0.000909   93.01    0.50     0.0    1.9308      0.087163    0.421545
 122.00  0.24151E-01  0.000902   92.47    5.02     0.0    1.9675      0.090571    0.433856
 123.00  0.24793E-01  0.000944   91.18   16.75     0.0    2.0097      0.094301    0.446686
 124.00  0.27620E-01  0.001072   81.23    3.40     0.0    2.0541      0.098209    0.459894
 125.00  0.28675E-01  0.001133   74.75    4.74     0.0    2.0977      0.102155    0.473346
 126.00  0.32007E-01  0.001288   67.19    0.59     0.0    2.1380      0.106007    0.486906
 127.00  0.34394E-01  0.001409   61.35    0.53     0.0    2.1728      0.109641    0.500442
 128.00  0.37546E-01  0.001565   55.89    0.17     0.0    2.2001      0.112947    0.513827
 129.00  0.40055E-01  0.001697   51.71    0.78     0.0    2.2186      0.115831    0.526942
 
 130.00  0.43421E-01  0.001871   48.82    1.29     0.0    2.2272      0.118212    0.539671
 131.00  0.49059E-01  0.002148   45.24    6.80     0.0    2.2253      0.120029    0.551908
 132.00  0.48898E-01  0.002175   42.37    0.46     0.0    2.2127      0.121238    0.563554
 133.00  0.53399E-01  0.002412   41.42    2.79     0.0    2.1893      0.121811    0.574521
 134.00  0.57602E-01  0.002641   38.54    4.89     0.0    2.1554      0.121738    0.584730
 135.00  0.57963E-01  0.002697   37.10    0.07     0.0    2.1116      0.121026    0.594110
 136.00  0.61706E-01  0.002912   35.68    0.64     0.0    2.0588      0.119696    0.602603
 137.00  0.64043E-01  0.003065   34.62    0.43     0.0    1.9979      0.117783    0.610160
 138.00  0.67430E-01  0.003271   33.18    1.46     0.0    1.9299      0.115331    0.616743
 139.00  0.67609E-01  0.003323   32.80    5.96     0.0    1.8561      0.112398    0.622325
 
 140.00  0.69450E-01  0.003458   31.23   10.27     0.0    1.7778      0.109048    0.626887
 141.00  0.74193E-01  0.003741   30.39    3.90     0.0    1.6961      0.105349    0.630423
 142.00  0.80797E-01  0.004124   29.21    0.48     0.0    1.6124      0.101377    0.632934
 143.00  0.82325E-01  0.004252   28.16    0.88     0.0    1.5278      0.097208    0.634432
 144.00  0.85390E-01  0.004461   27.04    3.41     0.0    1.4437      0.092919    0.634938
 145.00  0.90794E-01  0.004797   25.87    0.72     0.0    1.3611      0.088587    0.634479
 146.00  0.95276E-01  0.005088   24.85    0.13     0.0    1.2811      0.084288    0.633090
 147.00  0.98945E-01  0.005340   24.22    0.49     0.0    1.2046      0.080092    0.630815
 148.00  0.10549      0.005751   22.96    2.48     0.0    1.1325      0.076069    0.627701
 149.00  0.10778      0.005935   22.01    3.93     0.0    1.0656      0.072280    0.623802
 
 150.00  0.11463      0.006372   21.22    8.34     0.0    1.0044      0.068783    0.619176
 151.00  0.11790      0.006614   20.57    5.54     0.0   0.94962      0.065631    0.613884
 152.00  0.11509      0.006514   19.74    0.32     0.0   0.90162      0.062869    0.607993
 153.00  0.11980      0.006839   19.25    0.89     0.0   0.86075      0.060534    0.601568
 154.00  0.12062      0.006943   19.16    0.73     0.0   0.82728      0.058660    0.594678
 155.00  0.12243      0.007103   18.65    0.10     0.0   0.80133      0.057271    0.587394
 156.00  0.12468      0.007288   18.11    0.84     0.0   0.78296      0.056384    0.579785
 157.00  0.12493      0.007356   18.24    2.09     0.0   0.77212      0.056009    0.571919
 158.00  0.12225      0.007248   18.36    5.91     0.0   0.76869      0.056148    0.563867
 159.00  0.12360      0.007377   18.55    6.28     0.0   0.77242      0.056796    0.555695
 
1                                                      P T O L E M Y
          COMPUTATION OF CROSS SECTIONS                                      SOPHISTICATED PROGRAMS CONTAIN SUBTLE ERRORS
088Rb(d,p)89Rb(7.174655 3/2)                    12.08 MEV                                                                      

0  C.M.  REACTION     REACTION   LOW L  HIGH L   % FROM
+                                                          INCOMING ELASTIC      OUTGOING 
  ANGLE  C.M. MB        /RUTH     %/L   % ERROR  L>LMAX
+                                                          C.M. MB      /RUTH      /RUTH
 
 160.00  0.12861      0.007725   19.19    3.71     0.0   0.78302      0.057940    0.547467
 161.00  0.12634      0.007634   20.17   15.39     0.0   0.80008      0.059558    0.539248
 162.00  0.13615      0.008274   19.47    0.37     0.0   0.82313      0.061623    0.531098
 163.00  0.13613      0.008317   19.57    3.11     0.0   0.85160      0.064098    0.523073
 164.00  0.14104      0.008661   19.70    0.26     0.0   0.88486      0.066940    0.515229
 165.00  0.14693      0.009065   19.85    2.54     0.0   0.92221      0.070097    0.507616
 166.00  0.15307      0.009486   19.87    5.42     0.0   0.96289      0.073515    0.500283
 167.00  0.15847      0.009862   19.72    6.86     0.0    1.0061      0.077131    0.493273
 168.00  0.16331      0.010202   19.44    7.65     0.0    1.0510      0.080879    0.486627
 169.00  0.16761      0.010507   19.15    8.23     0.0    1.0966      0.084689    0.480383
 
 170.00  0.17096      0.010752   19.01    9.00     0.0    1.1421      0.088488    0.474574
 171.00  0.16470      0.010388   18.46    1.53     0.0    1.1866      0.092204    0.469231
 172.00  0.16788      0.010616   17.65    0.18     0.0    1.2293      0.095765    0.464380
 173.00  0.17097      0.010836   17.19    0.13     0.0    1.2692      0.099099    0.460047
 174.00  0.16915      0.010742   16.60    4.28     0.0    1.3055      0.102142    0.456250
 175.00  0.16663      0.010600   16.04    7.73     0.0    1.3376      0.104830    0.453008
 176.00  0.16382      0.010435   15.52   11.62     0.0    1.3649      0.107109    0.450336
 177.00  0.16107      0.010271   15.04   15.29     0.0    1.3866      0.108933    0.448246
 178.00  0.15877      0.010132   14.64   18.36     0.0    1.4025      0.110263    0.446746
 179.00  0.15725      0.010040   14.37   20.41     0.0    1.4121      0.111073    0.445844
 
 180.00  0.15672      0.010008   14.28   21.13     0.0    1.4154      0.111345    0.445543

0TOTAL:     1.1177    
+                                                         1563.9                  826.40    
0---- ALL REACTION ANALYZING POWERS ARE ZERO ----
0---- ALL INCOMING ELASTIC ANALYZING POWERS ARE ZERO ----
0---- ALL OUTGOING ELASTIC ANALYZING POWERS ARE ZERO ----
0
0
0CPU TIMES FOR CROSS SECTIONS (SECONDS):
0PRINTING PHASE SHIFTS            0.000
 ELASTIC CROSS SECTIONS           0.001
 BETA'S (SUM ON LI)               0.000
 REACTION CROSS SECTIONS          0.001          (   0.06 MFLOPS = 64.074 MFLOP/SEC )
 REACTION ANALYZING POWERS        0.000
 ELASTIC ANALYZING POWERS         0.000
 ALL OTHER TIME                   0.000
 TOTAL TIME                              0.002

0
0INPUT... writens crosssec
 NUMBERED STORAGE OBJECT 113 with    181 elements WRITTEN TO FT15 WITH 5G14.5 FORMAT
0INPUT... end
0               ALLOCATOR STATISTICS
                                        WORDS   KILOBYTES
 ALLOCATOR SIZE:                      6249990   48828.0
 CURRENT UNCOMPRESSED SIZE:            112051     875.4
 CURRENT COMPRESSED SIZE:                2831      22.1
 PEAK COMPRESSED SIZE:                  73514     574.3
0NAME STACK SIZE:                         500
 CURRENT HIGHEST NAME:                    114
 CURRENT NAMES IN USE:                     38
 PEAK NAMES IN USE:                        67
 NUMBER OF ALLOCATOR COMPRESSES:            0


-TOTAL PTOLEMY CPU TIME =   0.06 SECONDS.
