                                                 P T O L E M Y
 April 2007 version     Computer: Intel Pentium, Redhat Linux  ladd19.triumf.ca          31 May 15  194208.862

0INPUT...  
0INPUT... print 0
0INPUT... r0target
0INPUT... JBIGA = 0 parbiga = +1
0INPUT... REACTION:   28Si(d,p)29Si(0.0 1/2+)   ELAB = 12
0INPUT... PARAMETERSET alpha2
0INPUT... PROJECTILE
0INPUT... R = 1  A = 0.5  WAVEFUNCTION = REID L = 0
 LINKULE REID     IS LINKULE NUMBER/location       7
0INPUT... ;
0FIXED COMMON BLOCK VERSION OF PTOLEMY,  ALLOCATOR SIZE =  6249990 WORDS.

 Check of LOC:   136707280   136707280
 CURRENT ALLOCATOR SIZE =    6249990 words          BIASES =    136707280   136707264           3
0INPUT... TARGET
0INPUT... NODES = 1
0INPUT... R0 = 1.28   A=.76 L=0
0INPUT... VSO = 6   RSO0 = 1.09   ASO = .6
0INPUT... ;
0INPUT... INCOMING
0INPUT... V=103  r0=1.0  a=.943
0INPUT... Vsi=29.6  rsi0=1.501  asi=.527
0INPUT... RC0=1.25
0INPUT... ;
0INPUT... OUTGOING
0INPUT... V=50.3 r0=1.25 a=.64
0INPUT... vsi=7.95 rsi0=1.25 asi=.74
0INPUT... RC0=1.25
0INPUT... ;
0INPUT... ANGLEMAX = 90   anglestep = 1
0INPUT... ;
1                                                          P T O L E M Y
          COMPUTATION OF TRANSFER S-MATRIX ELEMENTS                                           WHEELS WITHIN WHEELS
028Si(d,p)29Si(0.0 1/2+)                      ELAB =  12.00 MEV                                                                      

0TIME IN A12                        0.000 SEC
 IN PHI & A12 LOOP                  0.043 SEC
 INTERPOLATING H'S                  0.002 SEC
 COMPUTING SCATTERING WAVES         0.000 SEC
 INTERPOLATING SCATTERING WAVES     0.002 SEC
 REST OF RI & RO LOOP               0.000 SEC
 REST OF LO LOOP                    0.000 SEC
 ALL OTHER TIME                     0.000 SEC
 TOTAL TIME                         0.047 SEC
 NUMBER OF CALLS TO second           3228 CALLS
 
     3822000 PASSES WERE MADE THROUGH THE INNERMOST LOOP;        AVERAGE TERM TIME =    0.011 MICROSECONDS
     3822000 ITERATIONS OF COS(ARG-MU*PHI) WERE MADE;          AVERAGE COSINE TIME =    0.011 MICROSECONDS
      546000 PASSES WERE MADE THROUGH THE (M1, M2) LOOP
      546000 PASSES WERE MADE THE PHI LOOP
       39000 H'S WERE COMPUTED OR READ                              AVERAGE H TIME =    0.001 MILLISECONDS
       39000 H'S WERE FOUND BY INTERPOLATION          AVERAGE H-INTERPOLATION TIME =    0.051 MICROSECONDS
        0.00% OF THE (RI,RO) POINTS WERE SKIPPED DUE TO DWCUTOFF.


1                                                          P T O L E M Y
                                               INTERPOLATION AND EXTRAPOLATION IN L
028Si(d,p)29Si(0.0 1/2+)                      ELAB =  12.00 MEV                                                                      

0USING WOODS-SAXON     EXTRAPOLATION FUNCTIONS.
0EXTRAPOLATION AND CONTINUED FRACTION OVERLAP REGION:  22 < LI <  25

0**** ATTEMPTING TO FIT VERY SHARP WOODS-SAXON - ATTEMPT ABANDONED
      FOR CHANNEL  2, JP, JT, LX, LO-LI =  1/2  1/2   0   0
0  SIMPLE EXP OR POWER  USED FOR |S(L)|    CHANNEL  2  (JP,JT,LX,LO-LI)=(  1/2  1/2   0   0)

0                                               SUMMARY OF EXTRAPOLATION PARAMETERS
0                   |S| = A/( C + EXP( (LI-LCRIT)/LWIDTH ) )           PHASE = CP + AP*(SUM OF ELASTIC PHASE-SHIFTS)
                OR      = A*(   25./L)**B * (1+LCRIT/L)                      = CP + AP*(   25./L)**BP
                OR      = ABOVE * SIN(ATAN(ETA/L))**LX
                          * EXP(-(ETA2-ETA1)(ATAN(ETA/L)+L/ETA))
0CHANNEL   JP   JT  LX LO-LI     PEAK         MAX L                 MAGNITUDE EXTRAPOLATION                PHASE EXTRAPOLATION
                              LI     VALUE     USED          A         C    LWIDTH    LCRIT   MAX L         CP        AP        BP
                                                                            OR B              NEEDED

    2     1/2  1/2  0    0     5    0.137        25      0.29925E-06   0     0.808    22.5        20       -1.571     1.868     0.000
0 TIME FOR L-INTERPOLATIONS :   0.000 SECONDS

1                                                      P T O L E M Y
          COMPUTATION OF CROSS SECTIONS                                      SOPHISTICATED PROGRAMS CONTAIN SUBTLE ERRORS
028Si(d,p)29Si(0.0 1/2+)                        12.00 MEV                                                                      

0  C.M.  REACTION     REACTION   LOW L  HIGH L   % FROM
+                                                          INCOMING ELASTIC      OUTGOING 
  ANGLE  C.M. MB        /RUTH     %/L   % ERROR  L>LMAX
+                                                          C.M. MB      /RUTH      /RUTH
 
   0.00   83.310      0.000000    4.68    0.00     0.0   0.20271E+41  1.000000    1.000000
   1.00   82.730      0.000000    4.70    0.00     0.0   0.35090E+09  1.003883    1.000121
   2.00   81.010      0.000006    4.74    0.00     0.0   0.22197E+08  1.015906    0.985873
   3.00   78.212      0.000028    4.82    0.00     0.0   0.43620E+07  1.010410    0.956126
   4.00   74.434      0.000085    4.93    0.00     0.0   0.13399E+07  0.980614    0.915937
   5.00   69.806      0.000194    5.07    0.00     0.0   0.52143E+06  0.931218    0.870720
   6.00   64.485      0.000372    5.25    0.00     0.0   0.23523E+06  0.870627    0.825347
   7.00   58.645      0.000626    5.48    0.00     0.0   0.11784E+06  0.807494    0.783941
   8.00   52.468      0.000955    5.75    0.00     0.0    64141.      0.749215    0.749830
   9.00   46.140      0.001344    6.09    0.00     0.0    37516.      0.701337    0.725542
 
  10.00   39.837      0.001767    6.49    0.00     0.0    23447.      0.667415    0.712805
  11.00   33.723      0.002188    6.97    0.00     0.0    15591.      0.649095    0.712564
  12.00   27.941      0.002564    7.54    0.00     0.0    10974.      0.646326    0.725012
  13.00   22.610      0.002854    8.23    0.00     0.0    8117.5      0.657647    0.749620
  14.00   17.819      0.003022    9.04    0.00     0.0    6253.5      0.680505    0.785200
  15.00   13.632      0.003042    9.99    0.00     0.0    4969.4      0.711589    0.829968
  16.00   10.081      0.002907   11.07    0.00     0.0    4037.0      0.747155    0.881638
  17.00   7.1721      0.002632   12.17    0.00     0.0    3326.6      0.783335    0.937520
  18.00   4.8875      0.002250   12.97    0.00     0.0    2763.4      0.816416    0.994641
  19.00   3.1882      0.001819   12.58    0.00     0.0    2303.0      0.843076    1.049871
 
  20.00   2.0186      0.001411    8.89    0.00     0.0    1918.6      0.860578    1.100060
  21.00   1.3112      0.001112   -0.90    0.00     0.0    1593.3      0.866907    1.142174
  22.00  0.99078      0.001010  -14.83    0.00     0.0    1316.4      0.860856    1.173431
  23.00  0.97899      0.001189  -24.43    0.00     0.0    1080.4      0.842056    1.191429
  24.00   1.1980      0.001721  -27.01    0.00     0.0    879.73      0.810962    1.194261
  25.00   1.5738      0.002655  -25.99    0.00     0.0    710.11      0.768782    1.180614
  26.00   2.0390      0.004014  -24.02    0.00     0.0    567.89      0.717375    1.149844
  27.00   2.5347      0.005787  -22.11    0.00     0.0    449.87      0.659118    1.102031
  28.00   3.0120      0.007931  -20.52    0.00     0.0    353.15      0.596748    1.038004
  29.00   3.4324      0.010370  -19.29    0.00     0.0    275.01      0.533195    0.959336
 
  30.00   3.7678      0.012997  -18.36    0.00     0.0    212.95      0.471413    0.868316
  31.00   4.0005      0.015685  -17.71    0.00     0.0    164.63      0.414220    0.767888
  32.00   4.1219      0.018290  -17.28    0.00     0.0    127.88      0.364149    0.661564
  33.00   4.1315      0.020665  -17.05    0.01     0.0    100.73      0.323325    0.553319
  34.00   4.0359      0.022670  -17.00    0.00     0.0    81.385      0.293370    0.447462
  35.00   3.8468      0.024179  -17.13    0.00     0.0    68.259      0.275335    0.348493
  36.00   3.5799      0.025094  -17.42    0.00     0.0    59.946      0.269663    0.260952
  37.00   3.2532      0.025350  -17.88    0.00     0.0    55.230      0.276196    0.189266
  38.00   2.8861      0.024926  -18.52    0.00     0.0    53.080      0.294193    0.137590
  39.00   2.4980      0.023842  -19.34    0.00     0.0    52.634      0.322392    0.109662
 
1                                                      P T O L E M Y
          COMPUTATION OF CROSS SECTIONS                                      SOPHISTICATED PROGRAMS CONTAIN SUBTLE ERRORS
028Si(d,p)29Si(0.0 1/2+)                        12.00 MEV                                                                      

0  C.M.  REACTION     REACTION   LOW L  HIGH L   % FROM
+                                                          INCOMING ELASTIC      OUTGOING 
  ANGLE  C.M. MB        /RUTH     %/L   % ERROR  L>LMAX
+                                                          C.M. MB      /RUTH      /RUTH
 
  40.00   2.1071      0.022165  -20.36    0.00     0.0    53.194      0.359087    0.108669
  41.00   1.7300      0.020004  -21.59    0.00     0.0    54.204      0.402224    0.137125
  42.00   1.3810      0.017510  -23.01    0.00     0.0    55.244      0.449509    0.196777
  43.00   1.0716      0.014863  -24.56    0.00     0.0    56.008      0.498525    0.288529
  44.00  0.81037      0.012267  -26.05    0.00     0.0    56.290      0.546845    0.412396
  45.00  0.60291      0.009940  -27.05    0.00     0.0    55.968      0.592148    0.567484
  46.00  0.45197      0.008098  -26.58    0.00     0.0    54.991      0.632319    0.751998
  47.00  0.35765      0.006951  -22.92    0.00     0.0    53.363      0.665533    0.963284
  48.00  0.31769      0.006684  -14.12    0.00     0.0    51.130      0.690335    1.197886
  49.00  0.32785      0.007453   -0.49    0.00     0.0    48.369      0.705685    1.451640
 
  50.00  0.38227      0.009374   13.38    0.00     0.0    45.179      0.710994    1.719776
  51.00  0.47395      0.012515   22.70    0.00     0.0    41.669      0.706133    1.997053
  52.00  0.59512      0.016894   26.85    0.00     0.0    37.953      0.691423    2.277891
  53.00  0.73764      0.022476   27.66    0.00     0.0    34.141      0.667607    2.556525
  54.00  0.89333      0.029172   26.88    0.00     0.0    30.339      0.635805    2.827157
  55.00   1.0543      0.036844   25.50    0.00     0.0    26.641      0.597453    3.084109
  56.00   1.2133      0.045310   24.00    0.00     0.0    23.127      0.554234    3.321973
  57.00   1.3638      0.054347   22.59    0.00     0.0    19.864      0.507995    3.535749
  58.00   1.5001      0.063707   21.32    0.00     0.0    16.903      0.460671    3.720974
  59.00   1.6177      0.073118   20.22    0.00     0.0    14.280      0.414197    3.873832
 
  60.00   1.7130      0.082301   19.29    0.00     0.0    12.014      0.370434    3.991246
  61.00   1.7836      0.090979   18.50    0.00     0.0    10.114      0.331088    4.070951
  62.00   1.8281      0.098885   17.85    0.00     0.0    8.5747      0.297654    4.111541
  63.00   1.8462      0.105774   17.31    0.00     0.0    7.3802      0.271358    4.112497
  64.00   1.8383      0.111432   16.89    0.00     0.0    6.5065      0.253117    4.074187
  65.00   1.8057      0.115683   16.56    0.00     0.0    5.9228      0.243516    3.997847
  66.00   1.7504      0.118394   16.32    0.00     0.0    5.5932      0.242789    3.885541
  67.00   1.6748      0.119481   16.17    0.00     0.0    5.4788      0.250830    3.740098
  68.00   1.5820      0.118909   16.09    0.00     0.0    5.5393      0.267201    3.565030
  69.00   1.4749      0.116694   16.10    0.00     0.0    5.7345      0.291164    3.364444
 
  70.00   1.3570      0.112905   16.19    0.00     0.0    6.0252      0.321716    3.142929
  71.00   1.2315      0.107652   16.36    0.00     0.0    6.3752      0.357639    2.905445
  72.00   1.1017      0.101091   16.62    0.00     0.0    6.7513      0.397551    2.657200
  73.00  0.97072      0.093414   16.98    0.00     0.0    7.1241      0.439962    2.403527
  74.00  0.84137      0.084841   17.45    0.00     0.0    7.4690      0.483334    2.149758
  75.00  0.71625      0.075617   18.05    0.00     0.0    7.7657      0.526140    1.901106
  76.00  0.59759      0.065999   18.80    0.00     0.0    7.9987      0.566916    1.662553
  77.00  0.48727      0.056251   19.75    0.00     0.0    8.1570      0.604311    1.438742
  78.00  0.38680      0.046638   20.94    0.00     0.0    8.2340      0.637134    1.233887
  79.00  0.29730      0.037412   22.46    0.00     0.0    8.2271      0.664386    1.051691
 
1                                                      P T O L E M Y
          COMPUTATION OF CROSS SECTIONS                                      SOPHISTICATED PROGRAMS CONTAIN SUBTLE ERRORS
028Si(d,p)29Si(0.0 1/2+)                        12.00 MEV                                                                      

0  C.M.  REACTION     REACTION   LOW L  HIGH L   % FROM
+                                                          INCOMING ELASTIC      OUTGOING 
  ANGLE  C.M. MB        /RUTH     %/L   % ERROR  L>LMAX
+                                                          C.M. MB      /RUTH      /RUTH
 
  80.00  0.21955      0.028812   24.42    0.00     0.0    8.1371      0.685288    0.895282
  81.00  0.15395      0.021054   26.99    0.00     0.0    7.9681      0.699301    0.767160
  82.00  0.10060      0.014327   30.41    0.00     0.0    7.7264      0.706130    0.669167
  83.00  0.59310E-01  0.008789   34.87    0.00     0.0    7.4207      0.705727    0.602465
  84.00  0.29615E-01  0.004564   39.30    0.00     0.0    7.0608      0.698282    0.567537
  85.00  0.10848E-01  0.001737   30.11    0.00     0.0    6.6576      0.684202    0.564202
  86.00  0.21618E-02  0.000360  -50.67    0.00     0.0    6.2224      0.664090    0.591640
  87.00  0.25718E-02  0.000444  -69.55    0.00     0.0    5.7667      0.638718    0.648437
  88.00  0.10993E-01  0.001968  -43.58    0.00     0.0    5.3014      0.608988    0.732639
  89.00  0.26277E-01  0.004875  -27.83    0.00     0.0    4.8369      0.575901    0.841810
 
  90.00  0.47259E-01  0.009082  -18.68    0.23     0.0    4.3826      0.540515    0.973113

0TOTAL:     18.219    
+                                                         1321.0                  1048.4    
0---- ALL REACTION ANALYZING POWERS ARE ZERO ----
0---- ALL INCOMING ELASTIC ANALYZING POWERS ARE ZERO ----
0---- ALL OUTGOING ELASTIC ANALYZING POWERS ARE ZERO ----
0
0
0CPU TIMES FOR CROSS SECTIONS (SECONDS):
0PRINTING PHASE SHIFTS            0.000
 ELASTIC CROSS SECTIONS           0.001
 BETA'S (SUM ON LI)               0.000
 REACTION CROSS SECTIONS          0.001          (   0.03 MFLOPS = 32.214 MFLOP/SEC )
 REACTION ANALYZING POWERS        0.000
 ELASTIC ANALYZING POWERS         0.000
 ALL OTHER TIME                   0.000
 TOTAL TIME                              0.002

0
0INPUT... writens crosssec
 NUMBERED STORAGE OBJECT 113 with     91 elements WRITTEN TO FT15 WITH 5G14.5 FORMAT
0INPUT...  
0INPUT... reset
                                                 P T O L E M Y
 April 2007 version     Computer: Intel Pentium, Redhat Linux  ladd19.triumf.ca          31 May 15  194208.930


   -------  ALL NUMBERED OBJECTS CLEARED  ------

0INPUT... PARAMETERSET alpha2
0INPUT... print 0
0INPUT... r0target
0INPUT... JBIGA = 0 parbiga = +1
0INPUT... REACTION:   28Si(d,p)29Si(1.273398 3/2+)   ELAB = 12
0INPUT... PROJECTILE
0INPUT... R = 1  A = 0.5  WAVEFUNCTION = REID L = 0
 LINKULE REID     IS LINKULE NUMBER/location       7
0INPUT... ;
0INPUT... TARGET
0INPUT... NODES = 1 L=2
0INPUT... R0 = 1.28   A=.76 VSO = 6
0INPUT... RSO0 = 1.09   ASO = .6
0INPUT... ;
 FOR V =   50.23,  E =  -7.20, WAVEFUNCTION HAS  0 NODES BUT  1 ARE DESIRED.
 WILL TRY A NEW V:      120.00    
0INPUT... INCOMING
0INPUT... V=103  r0=1.0  a=.943
0INPUT... Vsi=29.6  rsi0=1.501  asi=.527
0INPUT... RC0=1.25
0INPUT... ;
0INPUT... OUTGOING
0INPUT... V=50.3 r0=1.25 a=.64
0INPUT... vsi=7.95 rsi0=1.25 asi=.74
0INPUT... RC0=1.25
0INPUT... ;
0INPUT... ANGLEMAX = 90   anglestep = 1
0INPUT... ;
0**** WARNING:  SEARCH FOR THE DIF GRIDS WAS STOPPED   2 TIMES BY BOUND STATE ASYMPTOPIA.
 **** IN FUTURE RUNS INCREASE ASYMPTOPIA TO MORE THAN:           6.74 (PROJECTILE)          25.25 (TARGET)
1                                                          P T O L E M Y
          COMPUTATION OF TRANSFER S-MATRIX ELEMENTS                                           WHEELS WITHIN WHEELS
028Si(d,p)29Si(1.273398 3/2+)                 ELAB =  12.00 MEV                                                                      

0TIME IN A12                        0.000 SEC
 IN PHI & A12 LOOP                  0.107 SEC
 INTERPOLATING H'S                  0.005 SEC
 COMPUTING SCATTERING WAVES         0.001 SEC
 INTERPOLATING SCATTERING WAVES     0.000 SEC
 REST OF RI & RO LOOP               0.002 SEC
 REST OF LO LOOP                    0.000 SEC
 ALL OTHER TIME                     0.000 SEC
 TOTAL TIME                         0.115 SEC
 NUMBER OF CALLS TO second           3228 CALLS
 
    34209000 PASSES WERE MADE THROUGH THE INNERMOST LOOP;        AVERAGE TERM TIME =    0.003 MICROSECONDS
    11466000 ITERATIONS OF COS(ARG-MU*PHI) WERE MADE;          AVERAGE COSINE TIME =    0.009 MICROSECONDS
     1638000 PASSES WERE MADE THROUGH THE (M1, M2) LOOP
      546000 PASSES WERE MADE THE PHI LOOP
      112500 H'S WERE COMPUTED OR READ                              AVERAGE H TIME =    0.001 MILLISECONDS
      112500 H'S WERE FOUND BY INTERPOLATION          AVERAGE H-INTERPOLATION TIME =    0.044 MICROSECONDS
        0.00% OF THE (RI,RO) POINTS WERE SKIPPED DUE TO DWCUTOFF.


1                                                          P T O L E M Y
                                               INTERPOLATION AND EXTRAPOLATION IN L
028Si(d,p)29Si(1.273398 3/2+)                 ELAB =  12.00 MEV                                                                      

0USING WOODS-SAXON     EXTRAPOLATION FUNCTIONS.
0EXTRAPOLATION AND CONTINUED FRACTION OVERLAP REGION:  22 < LI <  25

0**** ATTEMPTING TO FIT VERY SHARP WOODS-SAXON - ATTEMPT ABANDONED
      FOR CHANNEL  2, JP, JT, LX, LO-LI =  1/2  3/2   2  -2
0  SIMPLE EXP OR POWER  USED FOR |S(L)|    CHANNEL  2  (JP,JT,LX,LO-LI)=(  1/2  3/2   2  -2)
0**** ATTEMPTING TO FIT VERY SHARP WOODS-SAXON - ATTEMPT ABANDONED
      FOR CHANNEL  2, JP, JT, LX, LO-LI =  1/2  3/2   2   0
0  SIMPLE EXP OR POWER  USED FOR |S(L)|    CHANNEL  2  (JP,JT,LX,LO-LI)=(  1/2  3/2   2   0)
0**** WARNING:  PHASE OF S(L) FOR CHANNEL  2  (JP,JT,LX,LO-LI,LI) = (  1/2  3/2  2   2  25) HAS FLUCTUATING SIGN
0**** ATTEMPTING TO FIT VERY SHARP WOODS-SAXON - ATTEMPT ABANDONED
      FOR CHANNEL  2, JP, JT, LX, LO-LI =  1/2  3/2   2   2
0  SIMPLE EXP OR POWER  USED FOR |S(L)|    CHANNEL  2  (JP,JT,LX,LO-LI)=(  1/2  3/2   2   2)

0                                               SUMMARY OF EXTRAPOLATION PARAMETERS
0                   |S| = A/( C + EXP( (LI-LCRIT)/LWIDTH ) )           PHASE = CP + AP*(SUM OF ELASTIC PHASE-SHIFTS)
                OR      = A*(   25./L)**B * (1+LCRIT/L)                      = CP + AP*(   25./L)**BP
                OR      = ABOVE * SIN(ATAN(ETA/L))**LX
                          * EXP(-(ETA2-ETA1)(ATAN(ETA/L)+L/ETA))
0CHANNEL   JP   JT  LX LO-LI     PEAK         MAX L                 MAGNITUDE EXTRAPOLATION                PHASE EXTRAPOLATION
                              LI     VALUE     USED          A         C    LWIDTH    LCRIT   MAX L         CP        AP        BP
                                                                            OR B              NEEDED

    2     1/2  3/2  2   -2     7    0.111        25      0.12148E-05   0     0.896    22.5        21        1.571     2.277     0.000
    2     1/2  3/2  2    0     5    0.111        25      0.27573E-06   0     0.826    22.5        20        1.571     0.818     0.000
    2     1/2  3/2  2    2     1    0.101        25      0.74864E-07   0     0.771    22.5        19        1.571    -2.383     0.000
0 TIME FOR L-INTERPOLATIONS :   0.000 SECONDS

1                                                      P T O L E M Y
          COMPUTATION OF CROSS SECTIONS                                      SOPHISTICATED PROGRAMS CONTAIN SUBTLE ERRORS
028Si(d,p)29Si(1.273398 3/2+)                   12.00 MEV                                                                      

0  C.M.  REACTION     REACTION   LOW L  HIGH L   % FROM
+                                                          INCOMING ELASTIC      OUTGOING 
  ANGLE  C.M. MB        /RUTH     %/L   % ERROR  L>LMAX
+                                                          C.M. MB      /RUTH      /RUTH
 
   0.00   14.776      0.000000   -4.68    0.00     0.0   0.20271E+41  1.000000    1.000000
   1.00   14.729      0.000000   -4.68    0.00     0.0   0.35090E+09  1.003883    1.000981
   2.00   14.595      0.000001   -4.67    0.00     0.0   0.22197E+08  1.015906    0.990089
   3.00   14.389      0.000005   -4.65    0.00     0.0   0.43620E+07  1.010410    0.964619
   4.00   14.136      0.000015   -4.61    0.00     0.0   0.13399E+07  0.980614    0.928476
   5.00   13.869      0.000036   -4.55    0.00     0.0   0.52143E+06  0.931218    0.886298
   6.00   13.622      0.000073   -4.44    0.01     0.0   0.23523E+06  0.870627    0.842408
   7.00   13.434      0.000133   -4.28    0.00     0.0   0.11784E+06  0.807494    0.800549
   8.00   13.341      0.000225   -4.05    0.00     0.0    64141.      0.749215    0.763808
   9.00   13.371      0.000361   -3.76    0.00     0.0    37516.      0.701337    0.734597
 
  10.00   13.549      0.000557   -3.40    0.00     0.0    23447.      0.667415    0.714656
  11.00   13.888      0.000835   -3.00    0.00     0.0    15591.      0.649095    0.705069
  12.00   14.389      0.001224   -2.56    0.00     0.0    10974.      0.646326    0.706286
  13.00   15.045      0.001761   -2.10    0.00     0.0    8117.5      0.657647    0.718154
  14.00   15.836      0.002489   -1.66    0.00     0.0    6253.5      0.680505    0.739961
  15.00   16.735      0.003461   -1.24    0.00     0.0    4969.4      0.711589    0.770490
  16.00   17.704      0.004733   -0.85    0.00     0.0    4037.0      0.747155    0.808088
  17.00   18.702      0.006361   -0.49    0.00     0.0    3326.6      0.783335    0.850738
  18.00   19.684      0.008400   -0.18    0.00     0.0    2763.4      0.816416    0.896152
  19.00   20.604      0.010895    0.11    0.00     0.0    2303.0      0.843076    0.941865
 
  20.00   21.419      0.013878    0.36    0.00     0.0    1918.6      0.860578    0.985338
  21.00   22.090      0.017361    0.59    0.00     0.0    1593.3      0.866907    1.024060
  22.00   22.583      0.021332    0.81    0.00     0.0    1316.4      0.860856    1.055658
  23.00   22.873      0.025751    1.00    0.00     0.0    1080.4      0.842056    1.077993
  24.00   22.944      0.030551    1.19    0.00     0.0    879.73      0.810962    1.089254
  25.00   22.785      0.035632    1.37    0.00     0.0    710.11      0.768782    1.088041
  26.00   22.399      0.040872    1.55    0.00     0.0    567.89      0.717375    1.073437
  27.00   21.794      0.046123    1.73    0.00     0.0    449.87      0.659118    1.045054
  28.00   20.987      0.051226    1.91    0.00     0.0    353.15      0.596748    1.003071
  29.00   20.000      0.056011    2.10    0.00     0.0    275.01      0.533195    0.948244
 
  30.00   18.862      0.060315    2.30    0.00     0.0    212.95      0.471413    0.881905
  31.00   17.605      0.063986    2.52    0.00     0.0    164.63      0.414220    0.805926
  32.00   16.262      0.066893    2.74    0.00     0.0    127.88      0.364149    0.722675
  33.00   14.868      0.068938    2.99    0.00     0.0    100.73      0.323325    0.634949
  34.00   13.455      0.070062    3.25    0.00     0.0    81.385      0.293370    0.545892
  35.00   12.057      0.070249    3.53    0.00     0.0    68.259      0.275335    0.458896
  36.00   10.700      0.069531    3.82    0.00     0.0    59.946      0.269663    0.377495
  37.00   9.4118      0.067987    4.13    0.00     0.0    55.230      0.276196    0.305253
  38.00   8.2114      0.065740    4.44    0.00     0.0    53.080      0.294193    0.245646
  39.00   7.1156      0.062956    4.73    0.00     0.0    52.634      0.322392    0.201948
 
1                                                      P T O L E M Y
          COMPUTATION OF CROSS SECTIONS                                      SOPHISTICATED PROGRAMS CONTAIN SUBTLE ERRORS
028Si(d,p)29Si(1.273398 3/2+)                   12.00 MEV                                                                      

0  C.M.  REACTION     REACTION   LOW L  HIGH L   % FROM
+                                                          INCOMING ELASTIC      OUTGOING 
  ANGLE  C.M. MB        /RUTH     %/L   % ERROR  L>LMAX
+                                                          C.M. MB      /RUTH      /RUTH
 
  40.00   6.1357      0.059830    4.99    0.00     0.0    53.194      0.359087    0.177121
  41.00   5.2786      0.056580    5.17    0.00     0.0    54.204      0.402224    0.173710
  42.00   4.5467      0.053439    5.23    0.00     0.0    55.244      0.449509    0.193760
  43.00   3.9384      0.050637    5.10    0.00     0.0    56.008      0.498525    0.238733
  44.00   3.4487      0.048395    4.73    0.00     0.0    56.290      0.546845    0.309458
  45.00   3.0694      0.046909    4.07    0.00     0.0    55.968      0.592148    0.406088
  46.00   2.7902      0.046345    3.13    0.00     0.0    54.991      0.632319    0.528083
  47.00   2.5990      0.046823    1.96    0.00     0.0    53.363      0.665533    0.674212
  48.00   2.4826      0.048418    0.66    0.00     0.0    51.130      0.690335    0.842575
  49.00   2.4272      0.051151   -0.66    0.00     0.0    48.369      0.705685    1.030647
 
  50.00   2.4190      0.054988   -1.89    0.00     0.0    45.179      0.710994    1.235336
  51.00   2.4448      0.059844   -2.98    0.00     0.0    41.669      0.706133    1.453060
  52.00   2.4922      0.065583   -3.90    0.00     0.0    37.953      0.691423    1.679838
  53.00   2.5499      0.072026   -4.67    0.00     0.0    34.141      0.667607    1.911388
  54.00   2.6083      0.078957   -5.30    0.00     0.0    30.339      0.635805    2.143240
  55.00   2.6590      0.086137   -5.81    0.00     0.0    26.641      0.597453    2.370845
  56.00   2.6955      0.093310   -6.23    0.00     0.0    23.127      0.554234    2.589691
  57.00   2.7130      0.100217   -6.59    0.00     0.0    19.864      0.507995    2.795416
  58.00   2.7081      0.106609   -6.89    0.00     0.0    16.903      0.460671    2.983914
  59.00   2.6791      0.112253   -7.16    0.00     0.0    14.280      0.414197    3.151437
 
  60.00   2.6258      0.116948   -7.39    0.00     0.0    12.014      0.370434    3.294682
  61.00   2.5491      0.120531   -7.61    0.00     0.0    10.114      0.331088    3.410866
  62.00   2.4508      0.122887   -7.80    0.00     0.0    8.5747      0.297654    3.497793
  63.00   2.3338      0.123948   -7.97    0.00     0.0    7.3802      0.271358    3.553895
  64.00   2.2014      0.123705   -8.12    0.00     0.0    6.5065      0.253117    3.578266
  65.00   2.0576      0.122200   -8.23    0.00     0.0    5.9228      0.243516    3.570673
  66.00   1.9064      0.119532   -8.30    0.00     0.0    5.5932      0.242789    3.531552
  67.00   1.7518      0.115849   -8.31    0.00     0.0    5.4788      0.250830    3.461989
  68.00   1.5980      0.111342   -8.22    0.00     0.0    5.5393      0.267201    3.363686
  69.00   1.4486      0.106243   -8.01    0.00     0.0    5.7345      0.291164    3.238909
 
  70.00   1.3070      0.100810   -7.63    0.00     0.0    6.0252      0.321716    3.090431
  71.00   1.1763      0.095321   -7.02    0.00     0.0    6.3752      0.357639    2.921457
  72.00   1.0589      0.090066   -6.11    0.00     0.0    6.7513      0.397551    2.735547
  73.00  0.95655      0.085331   -4.84    0.00     0.0    7.1241      0.439962    2.536529
  74.00  0.87072      0.081391   -3.13    0.00     0.0    7.4690      0.483334    2.328413
  75.00  0.80212      0.078500   -0.94    0.00     0.0    7.7657      0.526140    2.115295
  76.00  0.75097      0.076884    1.72    0.00     0.0    7.9987      0.566916    1.901276
  77.00  0.71698      0.076728    4.77    0.00     0.0    8.1570      0.604311    1.690368
  78.00  0.69942      0.078175    8.02    0.00     0.0    8.2340      0.637134    1.486418
  79.00  0.69712      0.081319   11.25    0.00     0.0    8.2271      0.664386    1.293030
 
1                                                      P T O L E M Y
          COMPUTATION OF CROSS SECTIONS                                      SOPHISTICATED PROGRAMS CONTAIN SUBTLE ERRORS
028Si(d,p)29Si(1.273398 3/2+)                   12.00 MEV                                                                      

0  C.M.  REACTION     REACTION   LOW L  HIGH L   % FROM
+                                                          INCOMING ELASTIC      OUTGOING 
  ANGLE  C.M. MB        /RUTH     %/L   % ERROR  L>LMAX
+                                                          C.M. MB      /RUTH      /RUTH
 
  80.00  0.70860      0.086202   14.21    0.00     0.0    8.1371      0.685288    1.113502
  81.00  0.73211      0.092811   16.70    0.00     0.0    7.9681      0.699301    0.950768
  82.00  0.76570      0.101083   18.63    0.00     0.0    7.7264      0.706130    0.807351
  83.00  0.80729      0.110901   19.98    0.00     0.0    7.4207      0.705727    0.685328
  84.00  0.85474      0.122102   20.81    0.00     0.0    7.0608      0.698282    0.586309
  85.00  0.90591      0.134482   21.24    0.00     0.0    6.6576      0.684202    0.511420
  86.00  0.95871      0.147797   21.36    0.00     0.0    6.2224      0.664090    0.461307
  87.00   1.0112      0.161779   21.26    0.00     0.0    5.7667      0.638718    0.436140
  88.00   1.0615      0.176133   21.02    0.00     0.0    5.3014      0.608988    0.435637
  89.00   1.1080      0.190555   20.70    0.00     0.0    4.8369      0.575901    0.459092
 
  90.00   1.1492      0.204736   20.33    0.03     0.0    4.3826      0.540515    0.505406

0TOTAL:     36.339    
+                                                         1321.0                  1052.3    

0 JP  JT  LX MX      TOTAL      PERCENT     (VALUES FOR M > 0 NOT DOUBLED.)

  1/2  3/2  2  0     4.3972       12.10
  1/2  3/2  2  1     7.4398       20.47
  1/2  3/2  2  2     8.5311       23.48
1                                                      P T O L E M Y
          ANALYZING POWERS FOR THE  >>>> REACTION <<<<  CHANNEL
028Si(d,p)29Si(1.273398 3/2+)                   12.00 MEV                                                                      
0  C.M.       iT11       T20       T21       T22
  ANGLE

   0.00     0.00000   0.00000   0.00000   0.00000
   1.00     0.02625   0.00000   0.00000   0.00000
   2.00     0.05187   0.00000   0.00000   0.00000
   3.00     0.07611   0.00000   0.00000   0.00000
   4.00     0.09811   0.00000   0.00000   0.00000
   5.00     0.11679   0.00000   0.00000   0.00000
   6.00     0.13086   0.00000   0.00000   0.00000
   7.00     0.13925   0.00000   0.00000   0.00000
   8.00     0.14078   0.00000   0.00000   0.00000
   9.00     0.13491   0.00000   0.00000   0.00000

  10.00     0.12183   0.00000   0.00000   0.00000
  11.00     0.10249   0.00000   0.00000   0.00000
  12.00     0.07852   0.00000   0.00000   0.00000
  13.00     0.05186   0.00000   0.00000   0.00000
  14.00     0.02442   0.00000   0.00000   0.00000
  15.00    -0.00225   0.00000   0.00000   0.00000
  16.00    -0.02704   0.00000   0.00000   0.00000
  17.00    -0.04930   0.00000   0.00000   0.00000
  18.00    -0.06879   0.00000   0.00000   0.00000
  19.00    -0.08549   0.00000   0.00000   0.00000

  20.00    -0.09958   0.00000   0.00000   0.00000
  21.00    -0.11128   0.00000   0.00000   0.00000
  22.00    -0.12085   0.00000   0.00000   0.00000
  23.00    -0.12854   0.00000   0.00000   0.00000
  24.00    -0.13457   0.00000   0.00000   0.00000
  25.00    -0.13911   0.00000   0.00000   0.00000
  26.00    -0.14231   0.00000   0.00000   0.00000
  27.00    -0.14426   0.00000   0.00000   0.00000
  28.00    -0.14500   0.00000   0.00000   0.00000
  29.00    -0.14456   0.00000   0.00000   0.00000

  30.00    -0.14289   0.00000   0.00000   0.00000
  31.00    -0.13993   0.00000   0.00000   0.00000
  32.00    -0.13555   0.00000   0.00000   0.00000
  33.00    -0.12958   0.00000   0.00000   0.00000
  34.00    -0.12180   0.00000   0.00000   0.00000
  35.00    -0.11193   0.00000   0.00000   0.00000
  36.00    -0.09964   0.00000   0.00000   0.00000
  37.00    -0.08453   0.00000   0.00000   0.00000
  38.00    -0.06621   0.00000   0.00000   0.00000
  39.00    -0.04429   0.00000   0.00000   0.00000

1                                                      P T O L E M Y
          ANALYZING POWERS FOR THE  >>>> REACTION <<<<  CHANNEL
028Si(d,p)29Si(1.273398 3/2+)                   12.00 MEV                                                                      
0  C.M.       iT11       T20       T21       T22
  ANGLE

  40.00    -0.01852   0.00000   0.00000   0.00000
  41.00     0.01107   0.00000   0.00000   0.00000
  42.00     0.04394   0.00000   0.00000   0.00000
  43.00     0.07873   0.00000   0.00000   0.00000
  44.00     0.11313   0.00000   0.00000   0.00000
  45.00     0.14387   0.00000   0.00000   0.00000
  46.00     0.16727   0.00000   0.00000   0.00000
  47.00     0.18024   0.00000   0.00000   0.00000
  48.00     0.18132   0.00000   0.00000   0.00000
  49.00     0.17113   0.00000   0.00000   0.00000

  50.00     0.15209   0.00000   0.00000   0.00000
  51.00     0.12739   0.00000   0.00000   0.00000
  52.00     0.10015   0.00000   0.00000   0.00000
  53.00     0.07281   0.00000   0.00000   0.00000
  54.00     0.04704   0.00000   0.00000   0.00000
  55.00     0.02381   0.00000   0.00000   0.00000
  56.00     0.00358   0.00000   0.00000   0.00000
  57.00    -0.01348   0.00000   0.00000   0.00000
  58.00    -0.02738   0.00000   0.00000   0.00000
  59.00    -0.03821   0.00000   0.00000   0.00000

  60.00    -0.04606   0.00000   0.00000   0.00000
  61.00    -0.05099   0.00000   0.00000   0.00000
  62.00    -0.05305   0.00000   0.00000   0.00000
  63.00    -0.05222   0.00000   0.00000   0.00000
  64.00    -0.04842   0.00000   0.00000   0.00000
  65.00    -0.04154   0.00000   0.00000   0.00000
  66.00    -0.03142   0.00000   0.00000   0.00000
  67.00    -0.01789   0.00000   0.00000   0.00000
  68.00    -0.00080   0.00000   0.00000   0.00000
  69.00     0.01993   0.00000   0.00000   0.00000

  70.00     0.04419   0.00000   0.00000   0.00000
  71.00     0.07155   0.00000   0.00000   0.00000
  72.00     0.10110   0.00000   0.00000   0.00000
  73.00     0.13124   0.00000   0.00000   0.00000
  74.00     0.15960   0.00000   0.00000   0.00000
  75.00     0.18311   0.00000   0.00000   0.00000
  76.00     0.19843   0.00000   0.00000   0.00000
  77.00     0.20268   0.00000   0.00000   0.00000
  78.00     0.19437   0.00000   0.00000   0.00000
  79.00     0.17385   0.00000   0.00000   0.00000

1                                                      P T O L E M Y
          ANALYZING POWERS FOR THE  >>>> REACTION <<<<  CHANNEL
028Si(d,p)29Si(1.273398 3/2+)                   12.00 MEV                                                                      
0  C.M.       iT11       T20       T21       T22
  ANGLE

  80.00     0.14328   0.00000   0.00000   0.00000
  81.00     0.10592   0.00000   0.00000   0.00000
  82.00     0.06521   0.00000   0.00000   0.00000
  83.00     0.02411   0.00000   0.00000   0.00000
  84.00    -0.01528   0.00000   0.00000   0.00000
  85.00    -0.05164   0.00000   0.00000   0.00000
  86.00    -0.08437   0.00000   0.00000   0.00000
  87.00    -0.11329   0.00000   0.00000   0.00000
  88.00    -0.13852   0.00000   0.00000   0.00000
  89.00    -0.16031   0.00000   0.00000   0.00000

  90.00    -0.17899   0.00000   0.00000   0.00000
0---- ALL INCOMING ELASTIC ANALYZING POWERS ARE ZERO ----
0---- ALL OUTGOING ELASTIC ANALYZING POWERS ARE ZERO ----
0
0
0CPU TIMES FOR CROSS SECTIONS (SECONDS):
0PRINTING PHASE SHIFTS            0.000
 ELASTIC CROSS SECTIONS           0.001
 BETA'S (SUM ON LI)               0.000
 REACTION CROSS SECTIONS          0.001          (   0.09 MFLOPS = 87.633 MFLOP/SEC )
 REACTION ANALYZING POWERS        0.000
 ELASTIC ANALYZING POWERS         0.000
 ALL OTHER TIME                   0.000
 TOTAL TIME                              0.002

0
0INPUT... writens crosssec
 NUMBERED STORAGE OBJECT 122 with     91 elements WRITTEN TO FT15 WITH 5G14.5 FORMAT
0INPUT...  
0INPUT... reset
                                                 P T O L E M Y
 April 2007 version     Computer: Intel Pentium, Redhat Linux  ladd19.triumf.ca          31 May 15  194209.063


   -------  ALL NUMBERED OBJECTS CLEARED  ------

0INPUT... print 0
0INPUT... r0target
0INPUT... JBIGA = 0 parbiga = +1
0INPUT... REACTION:   28Si(d,p)29Si(0.0 1/2+)   ELAB = 12
0INPUT... PARAMETERSET alpha2
0INPUT... PROJECTILE
0INPUT... R = 1  A = 0.5  WAVEFUNCTION = REID L = 0
 LINKULE REID     IS LINKULE NUMBER/location       7
0INPUT... ;
0INPUT... TARGET
0INPUT... NODES = 1
0INPUT... R0 = 1.28   A=.76 L=0
0INPUT... VSO = 6   RSO0 = 1.09   ASO = .6
0INPUT... ;
0INPUT... INCOMING
0INPUT... $Deuteron potential calculated for Z=14 A=28 E_d=12.132380
0INPUT... $Charge Radius
0INPUT... RC0 = 1.303000
0INPUT... $Real Volume Terms
0INPUT... V = 91.806012
0INPUT... R0 = 1.149445
0INPUT... A = 0.757261
0INPUT... $Imaginary Volume Terms
0INPUT... VI = 1.858634
0INPUT... RI0 = 1.337833
0INPUT... AI = 0.551341
0INPUT... $Imaginary Surface Terms
0INPUT... VSI = 10.458749
0INPUT... RSI0 = 1.384056
0INPUT... ASI= 0.719269
0INPUT... $Real Spin-Orbit Terms
0INPUT... VSO = 3.557000
0INPUT... RSO0 = 0.972000
0INPUT... ASO = 1.011000
0INPUT... ;
0INPUT... OUTGOING
0INPUT... $Proton potential calculated for Z=14 Ac=29 E_p=16.980000
0INPUT... $Charge Radius
0INPUT... RC0 = 1.319311
0INPUT... $Real Volume Terms
0INPUT... V = 51.547747
0INPUT... R0 = 1.171947
0INPUT... A = 0.673488
0INPUT... $Imaginary Volume Terms
0INPUT... $VI = 1.463105
0INPUT... $RI0 = 1.171947
0INPUT... $AI = 0.673488
0INPUT... $Imaginary Surface Terms
0INPUT... VSI = 9.599430
0INPUT... RSI0 = 1.293704
0INPUT... ASI= 0.533795
0INPUT... $Real Spin-Orbit Terms
0INPUT... $VSO = 5.437432
0INPUT... $RSO0 = 0.974810
0INPUT... $ASO = 0.590000
0INPUT... $Imaginary Spin-Orbit Terms
0INPUT... $VSOI = -0.073810
0INPUT... $RSOI0 = 0.974810
0INPUT... $ASOI = 0.590000
0INPUT... ;
0INPUT... ANGLEMAX = 90   anglestep = 1
0INPUT... ;
0*** ILLEGAL VMIN OR VMAX:  1    0.25615E-01   -0.51230E-01    0.51230E-01
 *** VALUES SET TO MAXIMUM ALLOWED.
1                                                          P T O L E M Y
          COMPUTATION OF TRANSFER S-MATRIX ELEMENTS                                           WHEELS WITHIN WHEELS
028Si(d,p)29Si(0.0 1/2+)                      ELAB =  12.00 MEV                                                                      

0TIME IN A12                        0.000 SEC
 IN PHI & A12 LOOP                  0.034 SEC
 INTERPOLATING H'S                  0.002 SEC
 COMPUTING SCATTERING WAVES         0.000 SEC
 INTERPOLATING SCATTERING WAVES     0.003 SEC
 REST OF RI & RO LOOP               0.003 SEC
 REST OF LO LOOP                    0.000 SEC
 ALL OTHER TIME                     0.000 SEC
 TOTAL TIME                         0.042 SEC
 NUMBER OF CALLS TO second           3228 CALLS
 
     3822000 PASSES WERE MADE THROUGH THE INNERMOST LOOP;        AVERAGE TERM TIME =    0.009 MICROSECONDS
     3822000 ITERATIONS OF COS(ARG-MU*PHI) WERE MADE;          AVERAGE COSINE TIME =    0.009 MICROSECONDS
      546000 PASSES WERE MADE THROUGH THE (M1, M2) LOOP
      546000 PASSES WERE MADE THE PHI LOOP
       39000 H'S WERE COMPUTED OR READ                              AVERAGE H TIME =    0.001 MILLISECONDS
       39000 H'S WERE FOUND BY INTERPOLATION          AVERAGE H-INTERPOLATION TIME =    0.051 MICROSECONDS
        0.00% OF THE (RI,RO) POINTS WERE SKIPPED DUE TO DWCUTOFF.


1                                                          P T O L E M Y
                                               INTERPOLATION AND EXTRAPOLATION IN L
028Si(d,p)29Si(0.0 1/2+)                      ELAB =  12.00 MEV                                                                      

0USING WOODS-SAXON     EXTRAPOLATION FUNCTIONS.
0EXTRAPOLATION AND CONTINUED FRACTION OVERLAP REGION:  22 < LI <  25

0**** ATTEMPTING TO FIT VERY SHARP WOODS-SAXON - ATTEMPT ABANDONED
      FOR CHANNEL  2, JP, JT, LX, LO-LI =  1/2  1/2   0   0
0  SIMPLE EXP OR POWER  USED FOR |S(L)|    CHANNEL  2  (JP,JT,LX,LO-LI)=(  1/2  1/2   0   0)
0**** WARNING:  PHASE OF S(L) FOR CHANNEL  2  (JP,JT,LX,LO-LI,LI) = (  1/2  1/2  1   0  25) HAS FLUCTUATING SIGN
0**** ATTEMPTING TO FIT VERY SHARP WOODS-SAXON - ATTEMPT ABANDONED
      FOR CHANNEL  2, JP, JT, LX, LO-LI =  1/2  1/2   1   0
0  SIMPLE EXP OR POWER  USED FOR |S(L)|    CHANNEL  2  (JP,JT,LX,LO-LI)=(  1/2  1/2   1   0)
0**** ERROR:  CANNOT EXTRAPOLATE FOR CHANNEL  2  (JP,JT,LX,LO-LI) = (  3/2  1/2 1  0) ****
 ****         SINCE FOR LI =  25 |S| EXCEEDS PREVIOUS: 0.1263E-15 0.1176E-15 ****
0**** ERROR:  CANNOT EXTRAPOLATE FOR CHANNEL  2  (JP,JT,LX,LO-LI) = (  3/2  1/2 2 -2) ****
 ****         SINCE FOR LI =  23 |S| EXCEEDS PREVIOUS:  0.000      0.000     ****
0**** ERROR:  CANNOT EXTRAPOLATE FOR CHANNEL  2  (JP,JT,LX,LO-LI) = (  3/2  1/2 2 -2) ****
 ****         SINCE FOR LI =  24 |S| EXCEEDS PREVIOUS:  0.000      0.000     ****
0**** ERROR:  CANNOT EXTRAPOLATE FOR CHANNEL  2  (JP,JT,LX,LO-LI) = (  3/2  1/2 2 -2) ****
 ****         SINCE FOR LI =  25 |S| EXCEEDS PREVIOUS:  0.000      0.000     ****
0**** WARNING:  PHASE OF S(L) FOR CHANNEL  2  (JP,JT,LX,LO-LI,LI) = (  3/2  1/2  2   0  23) HAS FLUCTUATING SIGN
0**** WARNING:  PHASE OF S(L) FOR CHANNEL  2  (JP,JT,LX,LO-LI,LI) = (  3/2  1/2  2   0  24) HAS FLUCTUATING SIGN
0**** WARNING:  PHASE OF S(L) FOR CHANNEL  2  (JP,JT,LX,LO-LI,LI) = (  3/2  1/2  2   0  25) HAS FLUCTUATING SIGN
0**** ATTEMPTING TO FIT VERY SHARP WOODS-SAXON - ATTEMPT ABANDONED
      FOR CHANNEL  2, JP, JT, LX, LO-LI =  3/2  1/2   2   0
0  SIMPLE EXP OR POWER  USED FOR |S(L)|    CHANNEL  2  (JP,JT,LX,LO-LI)=(  3/2  1/2   2   0)
0**** ERROR:  CANNOT EXTRAPOLATE FOR CHANNEL  2  (JP,JT,LX,LO-LI) = (  3/2  1/2 2  2) ****
 ****         SINCE FOR LI =  23 |S| EXCEEDS PREVIOUS:  0.000      0.000     ****
0**** ERROR:  CANNOT EXTRAPOLATE FOR CHANNEL  2  (JP,JT,LX,LO-LI) = (  3/2  1/2 2  2) ****
 ****         SINCE FOR LI =  24 |S| EXCEEDS PREVIOUS:  0.000      0.000     ****
0**** ERROR:  CANNOT EXTRAPOLATE FOR CHANNEL  2  (JP,JT,LX,LO-LI) = (  3/2  1/2 2  2) ****
 ****         SINCE FOR LI =  25 |S| EXCEEDS PREVIOUS:  0.000      0.000     ****
0**** WARNING:  FOR (2*JP,2*JT,LX,LO-LI) = (  3  1  2 -2)    LPEAK =  25 IS AT END OF L-RANGE (FISHY) ***
0**** WARNING:  FOR (2*JP,2*JT,LX,LO-LI) = (  3  1  2  2)    LPEAK =  25 IS AT END OF L-RANGE (FISHY) ***

0                                               SUMMARY OF EXTRAPOLATION PARAMETERS
0                   |S| = A/( C + EXP( (LI-LCRIT)/LWIDTH ) )           PHASE = CP + AP*(SUM OF ELASTIC PHASE-SHIFTS)
                OR      = A*(   25./L)**B * (1+LCRIT/L)                      = CP + AP*(   25./L)**BP
                OR      = ABOVE * SIN(ATAN(ETA/L))**LX
                          * EXP(-(ETA2-ETA1)(ATAN(ETA/L)+L/ETA))
0CHANNEL   JP   JT  LX LO-LI     PEAK         MAX L                 MAGNITUDE EXTRAPOLATION                PHASE EXTRAPOLATION
                              LI     VALUE     USED          A         C    LWIDTH    LCRIT   MAX L         CP        AP        BP
                                                                            OR B              NEEDED

    2     1/2  1/2  0    0     5    0.163        25      0.26958E-06   0     0.793    22.5        20       -1.571    63.445     0.000
    2     1/2  1/2  1    0     3    0.123E-01    25      0.36604E-14   0     0.520    22.5        13        1.571**********     0.000
    2     3/2  1/2  1    0     2    0.161E-01    25       0.0000       0     0.000    0.00         0        0.000     0.000     0.000
    2     3/2  1/2  2   -2    25     0.00        25       0.0000       0     0.000    0.00         0        0.000     0.000     0.000
    2     3/2  1/2  2    0     4    0.202E-02    25      0.68584E-16   0     0.774    22.5         6        1.571**********     0.000
    2     3/2  1/2  2    2    25     0.00        25       0.0000       0     0.000    0.00         0        0.000     0.000     0.000
0 TIME FOR L-INTERPOLATIONS :   0.000 SECONDS

1                                                      P T O L E M Y
          COMPUTATION OF CROSS SECTIONS                                      SOPHISTICATED PROGRAMS CONTAIN SUBTLE ERRORS
028Si(d,p)29Si(0.0 1/2+)                        12.00 MEV                                                                      

0  C.M.  REACTION     REACTION   LOW L  HIGH L   % FROM
+                                                          INCOMING ELASTIC      OUTGOING    REACTION      REACTION      REACTION
  ANGLE  C.M. MB        /RUTH     %/L   % ERROR  L>LMAX
+                                                          C.M. MB      /RUTH      /RUTH
+                                                                                             LX = 0        LX = 1        LX = 2
 
   0.00   116.20      0.000000    4.66    0.00     0.0   0.20271E+41  1.000000    1.000000    116.20        0.0000       0.24525E-04
   1.00   115.46      0.000001    4.67    0.00     0.0   0.35078E+09  1.003532    1.000364    115.46       0.17238E-03   0.24527E-04
   2.00   113.25      0.000008    4.71    0.00     0.0   0.22182E+08  1.015200    0.987884    113.25       0.68457E-03   0.24536E-04
   3.00   109.67      0.000040    4.77    0.00     0.0   0.43648E+07  1.011054    0.960898    109.66       0.15219E-02   0.24550E-04
   4.00   104.81      0.000120    4.86    0.00     0.0   0.13447E+07  0.984112    0.923675    104.81       0.26607E-02   0.24569E-04
   5.00   98.836      0.000275    4.98    0.00     0.0   0.52531E+06  0.938147    0.880991    98.832       0.40685E-02   0.24594E-04
   6.00   91.937      0.000530    5.13    0.00     0.0   0.23792E+06  0.880562    0.837253    91.931       0.57058E-02   0.24624E-04
   7.00   84.321      0.000900    5.31    0.00     0.0   0.11955E+06  0.819176    0.796287    84.313       0.75271E-02   0.24658E-04
   8.00   76.210      0.001387    5.53    0.00     0.0    65135.      0.760832    0.761283    76.200       0.94824E-02   0.24696E-04
   9.00   67.830      0.001976    5.80    0.00     0.0    38025.      0.710840    0.734779    67.818       0.11519E-01   0.24738E-04
 
  10.00   59.401      0.002635    6.11    0.00     0.0    23636.      0.672818    0.718656    59.388       0.13582E-01   0.24783E-04
  11.00   51.130      0.003317    6.47    0.00     0.0    15583.      0.648745    0.714147    51.114       0.15618E-01   0.24831E-04
  12.00   43.198      0.003964    6.90    0.00     0.0    10852.      0.639120    0.721845    43.181       0.17577E-01   0.24880E-04
  13.00   35.765      0.004515    7.40    0.00     0.0    7939.0      0.643184    0.741725    35.745       0.19411E-01   0.24930E-04
  14.00   28.954      0.004910    7.97    0.00     0.0    6057.3      0.659164    0.773174    28.933       0.21076E-01   0.24980E-04
  15.00   22.858      0.005100    8.62    0.00     0.0    4780.5      0.684539    0.815033    22.836       0.22538E-01   0.25030E-04
  16.00   17.536      0.005057    9.34    0.00     0.0    3870.2      0.716291    0.865654    17.512       0.23768E-01   0.25078E-04
  17.00   13.014      0.004775   10.06    0.00     0.0    3190.0      0.751160    0.922967    12.989       0.24744E-01   0.25124E-04
  18.00   9.2868      0.004275   10.67    0.00     0.0    2660.0      0.785868    0.984562    9.2613       0.25455E-01   0.25167E-04
  19.00   6.3256      0.003608   10.78    0.00     0.0    2232.7      0.817329    1.047779    6.2996       0.25895E-01   0.25208E-04
 
  20.00   4.0777      0.002850    9.49    0.00     0.0    1879.0      0.842815    1.109806    4.0516       0.26070E-01   0.25245E-04
  21.00   2.4739      0.002097    4.68    0.00     0.0    1580.8      0.860101    1.167789    2.4479       0.25989E-01   0.25281E-04
  22.00   1.4328      0.001460   -7.22    0.00     0.0    1326.7      0.867562    1.218933    1.4071       0.25673E-01   0.25315E-04
  23.00  0.86600      0.001052  -26.48    0.00     0.0    1108.9      0.864234    1.260616   0.84083       0.25146E-01   0.25350E-04
  24.00  0.68217      0.000980  -41.79    0.00     0.0    921.90      0.849833    1.290486   0.65771       0.24437E-01   0.25387E-04
  25.00  0.79161      0.001335  -44.90    0.00     0.0    761.79      0.824739    1.306561   0.76800       0.23579E-01   0.25430E-04
  26.00   1.1094      0.002184  -41.21    0.00     0.0    625.33      0.789946    1.307309    1.0868       0.22610E-01   0.25483E-04
  27.00   1.5582      0.003557  -36.29    0.00     0.0    509.84      0.746972    1.291718    1.5366       0.21566E-01   0.25552E-04
  28.00   2.0701      0.005451  -32.04    0.00     0.0    412.93      0.697762    1.259353    2.0496       0.20484E-01   0.25644E-04
  29.00   2.5883      0.007820  -28.73    0.00     0.0    332.45      0.644556    1.210384    2.5689       0.19400E-01   0.25765E-04
 
  30.00   3.0672      0.010580  -26.23    0.00     0.0    266.41      0.589755    1.145605    3.0488       0.18348E-01   0.25924E-04
  31.00   3.4727      0.013615  -24.36    0.00     0.0    212.94      0.535788    1.066427    3.4553       0.17359E-01   0.26134E-04
  32.00   3.7817      0.016781  -23.00    0.00     0.0    170.31      0.484973    0.974847    3.7652       0.16458E-01   0.26405E-04
  33.00   3.9814      0.019914  -22.01    0.00     0.0    136.89      0.439400    0.873403    3.9657       0.15669E-01   0.26751E-04
  34.00   4.0676      0.022848  -21.34    0.00     0.0    111.19      0.400823    0.765111    4.0525       0.15006E-01   0.27185E-04
  35.00   4.0438      0.025417  -20.93    0.00     0.0    91.872      0.370580    0.653376    4.0293       0.14482E-01   0.27725E-04
  36.00   3.9195      0.027475  -20.74    0.00     0.0    77.700      0.349531    0.541901    3.9054       0.14103E-01   0.28385E-04
  37.00   3.7089      0.028901  -20.74    0.00     0.0    67.596      0.338033    0.434579    3.6950       0.13870E-01   0.29184E-04
  38.00   3.4291      0.029615  -20.92    0.00     0.0    60.611      0.335935    0.335377    3.4153       0.13778E-01   0.30139E-04
  39.00   3.0989      0.029577  -21.26    0.00     0.0    55.934      0.342601    0.248217    3.0850       0.13820E-01   0.31268E-04
 
1                                                      P T O L E M Y
          COMPUTATION OF CROSS SECTIONS                                      SOPHISTICATED PROGRAMS CONTAIN SUBTLE ERRORS
028Si(d,p)29Si(0.0 1/2+)                        12.00 MEV                                                                      

0  C.M.  REACTION     REACTION   LOW L  HIGH L   % FROM
+                                                          INCOMING ELASTIC      OUTGOING    REACTION      REACTION      REACTION
  ANGLE  C.M. MB        /RUTH     %/L   % ERROR  L>LMAX
+                                                          C.M. MB      /RUTH      /RUTH
+                                                                                             LX = 0        LX = 1        LX = 2
 
  40.00   2.7377      0.028798  -21.75    0.00     0.0    52.879      0.356960    0.176864    2.7237       0.13982E-01   0.32586E-04
  41.00   2.3643      0.027338  -22.35    0.00     0.0    50.882      0.377571    0.124805    2.3500       0.14250E-01   0.34112E-04
  42.00   1.9961      0.025309  -23.04    0.00     0.0    49.493      0.402714    0.095142    1.9815       0.14605E-01   0.35859E-04
  43.00   1.6485      0.022864  -23.73    0.00     0.0    48.364      0.430483    0.090503    1.6334       0.15027E-01   0.37840E-04
  44.00   1.3342      0.020198  -24.27    0.00     0.0    47.236      0.458885    0.112947    1.3187       0.15497E-01   0.40066E-04
  45.00   1.0634      0.017532  -24.39    0.00     0.0    45.931      0.485953    0.163906    1.0474       0.15994E-01   0.42543E-04
  46.00  0.84324      0.015109  -23.56    0.00     0.0    44.339      0.509832    0.244132   0.82670       0.16497E-01   0.45276E-04
  47.00  0.67790      0.013174  -20.90    0.00     0.0    42.406      0.528880    0.353661   0.66086       0.16988E-01   0.48263E-04
  48.00  0.56896      0.011970  -15.12    0.00     0.0    40.124      0.541736    0.491811   0.55146       0.17450E-01   0.51498E-04
  49.00  0.51551      0.011720   -5.04    0.00     0.0    37.519      0.547382    0.657180   0.49759       0.17868E-01   0.54973E-04
 
  50.00  0.51445      0.012615    8.96    0.00     0.0    34.643      0.545189    0.847681   0.49616       0.18229E-01   0.58670E-04
  51.00  0.56090      0.014811   23.65    0.00     0.0    31.567      0.534931    1.060586   0.54231       0.18526E-01   0.62570E-04
  52.00  0.64858      0.018412   34.72    0.00     0.0    28.367      0.516792    1.292586   0.62976       0.18752E-01   0.66644E-04
  53.00  0.77021      0.023469   40.39    0.00     0.0    25.127      0.491347    1.539871   0.75124       0.18905E-01   0.70863E-04
  54.00  0.91788      0.029974   41.78    0.00     0.0    21.928      0.459531    1.798217   0.89882       0.18985E-01   0.75188E-04
  55.00   1.0834      0.037861   40.75    0.00     0.0    18.843      0.422583    2.063091    1.0643       0.18995E-01   0.79578E-04
  56.00   1.2587      0.047005   38.68    0.00     0.0    15.940      0.381989    2.329750    1.2397       0.18942E-01   0.83990E-04
  57.00   1.4361      0.057227   36.34    0.00     0.0    13.272      0.339409    2.593358    1.4172       0.18835E-01   0.88375E-04
  58.00   1.6083      0.068302   34.09    0.00     0.0    10.883      0.296603    2.849094    1.5896       0.18684E-01   0.92684E-04
  59.00   1.7691      0.079962   32.05    0.00     0.0    8.8034      0.255352    3.092263    1.7505       0.18502E-01   0.96868E-04
 
  60.00   1.9130      0.091910   30.28    0.00     0.0    7.0504      0.217382    3.318402    1.8946       0.18303E-01   0.10088E-03
  61.00   2.0355      0.103829   28.77    0.00     0.0    5.6299      0.184292    3.523378    2.0173       0.18101E-01   0.10467E-03
  62.00   2.1333      0.115394   27.50    0.00     0.0    4.5370      0.157492    3.703475    2.1153       0.17910E-01   0.10820E-03
  63.00   2.2041      0.126282   26.44    0.00     0.0    3.7572      0.138147    3.855474    2.1863       0.17747E-01   0.11144E-03
  64.00   2.2466      0.136186   25.57    0.00     0.0    3.2682      0.127138    3.976718    2.2289       0.17624E-01   0.11435E-03
  65.00   2.2605      0.144823   24.87    0.00     0.0    3.0410      0.125031    4.065161    2.2428       0.17554E-01   0.11691E-03
  66.00   2.2464      0.151943   24.32    0.00     0.0    3.0424      0.132062    4.119403    2.2287       0.17549E-01   0.11913E-03
  67.00   2.2056      0.157343   23.90    0.00     0.0    3.2356      0.148133    4.138714    2.1878       0.17618E-01   0.12100E-03
  68.00   2.1402      0.160865   23.62    0.00     0.0    3.5828      0.172824    4.123036    2.1223       0.17768E-01   0.12253E-03
  69.00   2.0527      0.162407   23.45    0.00     0.0    4.0457      0.205416    4.072973    2.0346       0.18005E-01   0.12376E-03
 
  70.00   1.9462      0.161926   23.39    0.00     0.0    4.5870      0.244922    3.989770    1.9277       0.18331E-01   0.12473E-03
  71.00   1.8239      0.159433   23.44    0.00     0.0    5.1718      0.290129    3.875273    1.8050       0.18747E-01   0.12550E-03
  72.00   1.6892      0.155001   23.60    0.00     0.0    5.7679      0.339643    3.731880    1.6699       0.19249E-01   0.12613E-03
  73.00   1.5458      0.148753   23.86    0.00     0.0    6.3466      0.391947    3.562484    1.5258       0.19834E-01   0.12671E-03
  74.00   1.3970      0.140867   24.24    0.00     0.0    6.8836      0.445449    3.370402    1.3764       0.20493E-01   0.12732E-03
  75.00   1.2461      0.131560   24.72    0.00     0.0    7.3584      0.498543    3.159302    1.2248       0.21218E-01   0.12807E-03
  76.00   1.0964      0.121091   25.32    0.00     0.0    7.7551      0.549654    2.933123    1.0743       0.21997E-01   0.12907E-03
  77.00  0.95067      0.109747   26.03    0.00     0.0    8.0623      0.597296    2.695992   0.92772       0.22817E-01   0.13041E-03
  78.00  0.81142      0.097837   26.85    0.00     0.0    8.2725      0.640111    2.452140   0.78763       0.23663E-01   0.13221E-03
  79.00  0.68087      0.085679   27.76    0.00     0.0    8.3821      0.676910    2.205820   0.65622       0.24521E-01   0.13457E-03
 
1                                                      P T O L E M Y
          COMPUTATION OF CROSS SECTIONS                                      SOPHISTICATED PROGRAMS CONTAIN SUBTLE ERRORS
028Si(d,p)29Si(0.0 1/2+)                        12.00 MEV                                                                      

0  C.M.  REACTION     REACTION   LOW L  HIGH L   % FROM
+                                                          INCOMING ELASTIC      OUTGOING    REACTION      REACTION      REACTION
  ANGLE  C.M. MB        /RUTH     %/L   % ERROR  L>LMAX
+                                                          C.M. MB      /RUTH      /RUTH
+                                                                                             LX = 0        LX = 1        LX = 2
 
  80.00  0.56084      0.073600   28.72    0.00     0.0    8.3913      0.706699    1.961225   0.53533       0.25375E-01   0.13758E-03
  81.00  0.45275      0.061916   29.63    0.00     0.0    8.3032      0.728711    1.722414   0.42640       0.26207E-01   0.14135E-03
  82.00  0.35765      0.050933   30.31    0.00     0.0    8.1234      0.742409    1.493240   0.33050       0.27004E-01   0.14592E-03
  83.00  0.27622      0.040934   30.37    0.00     0.0    7.8600      0.747505    1.277288   0.24832       0.27750E-01   0.15137E-03
  84.00  0.20878      0.032173   29.08    0.00     0.0    7.5226      0.743950    1.077813   0.18019       0.28430E-01   0.15771E-03
  85.00  0.15532      0.024873   25.30    0.00     0.0    7.1220      0.731927    0.897702   0.12612       0.29032E-01   0.16496E-03
  86.00  0.11554      0.019215   17.68    0.00     0.0    6.6698      0.711840    0.739428   0.85821E-01   0.29545E-01   0.17309E-03
  87.00  0.88870E-01  0.015338    6.04    0.00     0.0    6.1781      0.684289    0.605024   0.58728E-01   0.29960E-01   0.18206E-03
  88.00  0.74518E-01  0.013339   -6.90    0.00     0.0    5.6588      0.650046    0.496064   0.44056E-01   0.30270E-01   0.19178E-03
  89.00  0.71502E-01  0.013266  -16.77    0.00     0.0    5.1235      0.610024    0.413654   0.40828E-01   0.30472E-01   0.20215E-03
 
  90.00  0.78689E-01  0.015123  -21.56    0.12     0.0    4.5832      0.565250    0.358429   0.47914E-01   0.30562E-01   0.21302E-03

0TOTAL:     25.075    
+                                                         1305.3                  923.89    
+                                                                                             24.818       0.25363       0.26203E-02
                                                                                              98.98%         1.01%         0.01%

0 JP  JT  LX MX      TOTAL      PERCENT     (VALUES FOR M > 0 NOT DOUBLED.)

  1/2  1/2  0  0     24.818       98.98
  1/2  1/2  1  1    0.47574E-01    0.19
  3/2  1/2  1  1    0.79240E-01    0.32
  3/2  1/2  2  0    0.69034E-03    0.00
  3/2  1/2  2  1    0.70544E-04    0.00
  3/2  1/2  2  2    0.89443E-03    0.00
1                                                      P T O L E M Y
          ANALYZING POWERS FOR THE  >>>> REACTION <<<<  CHANNEL
028Si(d,p)29Si(0.0 1/2+)                        12.00 MEV                                                                      
0  C.M.       iT11       T20       T21       T22
  ANGLE

   0.00     0.00000   0.00077   0.00000   0.00000
   1.00    -0.00168   0.00077  -0.00001   0.00000
   2.00    -0.00339   0.00078  -0.00002   0.00000
   3.00    -0.00513   0.00079  -0.00002   0.00000
   4.00    -0.00694   0.00081  -0.00003  -0.00001
   5.00    -0.00884   0.00083  -0.00004  -0.00001
   6.00    -0.01085   0.00086  -0.00005  -0.00002
   7.00    -0.01302   0.00090  -0.00007  -0.00002
   8.00    -0.01537   0.00095  -0.00008  -0.00003
   9.00    -0.01795   0.00100  -0.00009  -0.00005

  10.00    -0.02083   0.00107  -0.00011  -0.00006
  11.00    -0.02406   0.00114  -0.00014  -0.00009
  12.00    -0.02776   0.00123  -0.00016  -0.00012
  13.00    -0.03203   0.00134  -0.00019  -0.00016
  14.00    -0.03705   0.00147  -0.00023  -0.00022
  15.00    -0.04303   0.00163  -0.00029  -0.00031
  16.00    -0.05028   0.00182  -0.00035  -0.00044
  17.00    -0.05924   0.00204  -0.00044  -0.00064
  18.00    -0.07050   0.00229  -0.00055  -0.00095
  19.00    -0.08483   0.00256  -0.00071  -0.00147

  20.00    -0.10297   0.00277  -0.00092  -0.00236
  21.00    -0.12426   0.00271  -0.00121  -0.00401
  22.00    -0.14073   0.00169  -0.00153  -0.00707
  23.00    -0.12079  -0.00179  -0.00156  -0.01184
  24.00    -0.02609  -0.00756  -0.00072  -0.01506
  25.00     0.07296  -0.01059   0.00046  -0.01289
  26.00     0.10954  -0.01011   0.00108  -0.00906
  27.00     0.11129  -0.00876   0.00129  -0.00629
  28.00     0.10325  -0.00757   0.00135  -0.00457
  29.00     0.09393  -0.00668   0.00135  -0.00350

  30.00     0.08559  -0.00604   0.00136  -0.00280
  31.00     0.07863  -0.00558   0.00136  -0.00231
  32.00     0.07298  -0.00525   0.00139  -0.00196
  33.00     0.06848  -0.00502   0.00142  -0.00170
  34.00     0.06500  -0.00487   0.00147  -0.00149
  35.00     0.06245  -0.00478   0.00153  -0.00131
  36.00     0.06080  -0.00475   0.00161  -0.00116
  37.00     0.06006  -0.00475   0.00171  -0.00101
  38.00     0.06033  -0.00480   0.00183  -0.00086
  39.00     0.06176  -0.00488   0.00197  -0.00069

1                                                      P T O L E M Y
          ANALYZING POWERS FOR THE  >>>> REACTION <<<<  CHANNEL
028Si(d,p)29Si(0.0 1/2+)                        12.00 MEV                                                                      
0  C.M.       iT11       T20       T21       T22
  ANGLE

  40.00     0.06463  -0.00498   0.00214  -0.00049
  41.00     0.06932  -0.00509   0.00233  -0.00024
  42.00     0.07641  -0.00520   0.00256   0.00010
  43.00     0.08667  -0.00525   0.00280   0.00058
  44.00     0.10113  -0.00518   0.00305   0.00125
  45.00     0.12085  -0.00487   0.00326   0.00220
  46.00     0.14629  -0.00411   0.00334   0.00354
  47.00     0.17572  -0.00267   0.00314   0.00528
  48.00     0.20290  -0.00038   0.00250   0.00725
  49.00     0.21712   0.00250   0.00134   0.00897

  50.00     0.21031   0.00523  -0.00008   0.00984
  51.00     0.18519   0.00709  -0.00139   0.00970
  52.00     0.15210   0.00792  -0.00232   0.00887
  53.00     0.11978   0.00800  -0.00287   0.00779
  54.00     0.09204   0.00768  -0.00316   0.00674
  55.00     0.06941   0.00718  -0.00327   0.00580
  56.00     0.05112   0.00664  -0.00331   0.00502
  57.00     0.03616   0.00612  -0.00330   0.00437
  58.00     0.02366   0.00564  -0.00327   0.00382
  59.00     0.01291   0.00519  -0.00324   0.00336

  60.00     0.00340   0.00479  -0.00321   0.00296
  61.00    -0.00526   0.00442  -0.00319   0.00260
  62.00    -0.01335   0.00407  -0.00319   0.00228
  63.00    -0.02111   0.00374  -0.00319   0.00197
  64.00    -0.02871   0.00342  -0.00321   0.00167
  65.00    -0.03630   0.00310  -0.00325   0.00137
  66.00    -0.04401   0.00278  -0.00329   0.00106
  67.00    -0.05195   0.00245  -0.00336   0.00074
  68.00    -0.06025   0.00209  -0.00343   0.00038
  69.00    -0.06902   0.00170  -0.00353  -0.00002

  70.00    -0.07838   0.00127  -0.00364  -0.00047
  71.00    -0.08847   0.00079  -0.00377  -0.00098
  72.00    -0.09944   0.00023  -0.00393  -0.00158
  73.00    -0.11148  -0.00042  -0.00411  -0.00228
  74.00    -0.12478  -0.00119  -0.00433  -0.00312
  75.00    -0.13962  -0.00211  -0.00457  -0.00413
  76.00    -0.15631  -0.00322  -0.00487  -0.00535
  77.00    -0.17523  -0.00457  -0.00521  -0.00684
  78.00    -0.19686  -0.00625  -0.00561  -0.00869
  79.00    -0.22178  -0.00835  -0.00609  -0.01100

1                                                      P T O L E M Y
          ANALYZING POWERS FOR THE  >>>> REACTION <<<<  CHANNEL
028Si(d,p)29Si(0.0 1/2+)                        12.00 MEV                                                                      
0  C.M.       iT11       T20       T21       T22
  ANGLE

  80.00    -0.25067  -0.01103  -0.00666  -0.01394
  81.00    -0.28430  -0.01447  -0.00736  -0.01769
  82.00    -0.32333  -0.01895  -0.00821  -0.02255
  83.00    -0.36787  -0.02483  -0.00923  -0.02888
  84.00    -0.41629  -0.03255  -0.01045  -0.03706
  85.00    -0.46230  -0.04240  -0.01182  -0.04732
  86.00    -0.48955  -0.05393  -0.01311  -0.05896
  87.00    -0.46638  -0.06457  -0.01375  -0.06897
  88.00    -0.35841  -0.06865  -0.01289  -0.07124
  89.00    -0.17590  -0.06117  -0.01025  -0.06100

  90.00     0.00946  -0.04481  -0.00686  -0.04193
1                                                      P T O L E M Y
          ANALYZING POWERS FOR THE  >>>> INCOMING <<<<  CHANNEL
028Si(d,p)29Si(0.0 1/2+)                        12.00 MEV                                                                      
0  C.M.       iT11       T20       T21       T22
  ANGLE

   0.00     0.00000   0.00000   0.00000   0.00000
   1.00     0.00000   0.00000   0.00000   0.00000
   2.00    -0.00002   0.00000   0.00000   0.00000
   3.00    -0.00013   0.00001   0.00000   0.00000
   4.00    -0.00033   0.00002   0.00000   0.00000
   5.00    -0.00057   0.00004   0.00000   0.00000
   6.00    -0.00077   0.00005   0.00000   0.00000
   7.00    -0.00078   0.00006   0.00000   0.00000
   8.00    -0.00049   0.00005   0.00000  -0.00001
   9.00     0.00027   0.00004   0.00000  -0.00001

  10.00     0.00160   0.00000   0.00000  -0.00002
  11.00     0.00350  -0.00005   0.00000  -0.00002
  12.00     0.00586  -0.00011   0.00001  -0.00003
  13.00     0.00847  -0.00018   0.00002  -0.00003
  14.00     0.01109  -0.00025   0.00003  -0.00003
  15.00     0.01349  -0.00032   0.00005  -0.00004
  16.00     0.01556  -0.00037   0.00006  -0.00003
  17.00     0.01723  -0.00042   0.00008  -0.00003
  18.00     0.01850  -0.00046   0.00009  -0.00002
  19.00     0.01939  -0.00050   0.00010  -0.00002

  20.00     0.01995  -0.00052   0.00012   0.00000
  21.00     0.02021  -0.00054   0.00013   0.00001
  22.00     0.02020  -0.00054   0.00014   0.00003
  23.00     0.01995  -0.00054   0.00015   0.00005
  24.00     0.01946  -0.00054   0.00016   0.00007
  25.00     0.01875  -0.00052   0.00017   0.00011
  26.00     0.01779  -0.00049   0.00018   0.00014
  27.00     0.01659  -0.00045   0.00019   0.00019
  28.00     0.01512  -0.00038   0.00019   0.00024
  29.00     0.01337  -0.00029   0.00018   0.00031

  30.00     0.01133  -0.00017   0.00017   0.00038
  31.00     0.00900  -0.00001   0.00014   0.00046
  32.00     0.00643   0.00019   0.00010   0.00055
  33.00     0.00372   0.00045   0.00003   0.00064
  34.00     0.00105   0.00075  -0.00007   0.00073
  35.00    -0.00135   0.00109  -0.00020   0.00079
  36.00    -0.00318   0.00144  -0.00035   0.00082
  37.00    -0.00419   0.00175  -0.00051   0.00079
  38.00    -0.00431   0.00200  -0.00068   0.00072
  39.00    -0.00362   0.00216  -0.00084   0.00059

1                                                      P T O L E M Y
          ANALYZING POWERS FOR THE  >>>> INCOMING <<<<  CHANNEL
028Si(d,p)29Si(0.0 1/2+)                        12.00 MEV                                                                      
0  C.M.       iT11       T20       T21       T22
  ANGLE

  40.00    -0.00237   0.00222  -0.00097   0.00042
  41.00    -0.00087   0.00219  -0.00107   0.00023
  42.00     0.00063   0.00210  -0.00114   0.00002
  43.00     0.00194   0.00194  -0.00119  -0.00019
  44.00     0.00297   0.00176  -0.00122  -0.00041
  45.00     0.00367   0.00155  -0.00125  -0.00063
  46.00     0.00405   0.00131  -0.00126  -0.00086
  47.00     0.00415   0.00106  -0.00127  -0.00111
  48.00     0.00400   0.00079  -0.00127  -0.00138
  49.00     0.00366   0.00049  -0.00127  -0.00168

  50.00     0.00318   0.00015  -0.00127  -0.00202
  51.00     0.00264  -0.00022  -0.00127  -0.00241
  52.00     0.00213  -0.00066  -0.00125  -0.00286
  53.00     0.00177  -0.00117  -0.00123  -0.00340
  54.00     0.00175  -0.00178  -0.00120  -0.00404
  55.00     0.00231  -0.00252  -0.00114  -0.00482
  56.00     0.00381  -0.00342  -0.00105  -0.00576
  57.00     0.00680  -0.00452  -0.00091  -0.00691
  58.00     0.01207  -0.00589  -0.00070  -0.00829
  59.00     0.02077  -0.00756  -0.00039  -0.00996

  60.00     0.03445  -0.00956   0.00007  -0.01190
  61.00     0.05492  -0.01187   0.00072  -0.01404
  62.00     0.08359  -0.01427   0.00160  -0.01610
  63.00     0.11983  -0.01632   0.00267  -0.01760
  64.00     0.15895  -0.01735   0.00378  -0.01786
  65.00     0.19214  -0.01676   0.00469  -0.01640
  66.00     0.21110  -0.01458   0.00515  -0.01343
  67.00     0.21361  -0.01144   0.00514  -0.00972
  68.00     0.20352  -0.00814   0.00479  -0.00609
  69.00     0.18660  -0.00519   0.00426  -0.00301

  70.00     0.16731  -0.00276   0.00369  -0.00058
  71.00     0.14815  -0.00086   0.00315   0.00126
  72.00     0.13023   0.00061   0.00265   0.00263
  73.00     0.11387   0.00174   0.00220   0.00366
  74.00     0.09901   0.00262   0.00181   0.00443
  75.00     0.08547   0.00330   0.00146   0.00501
  76.00     0.07301   0.00383   0.00115   0.00545
  77.00     0.06140   0.00425   0.00086   0.00579
  78.00     0.05043   0.00458   0.00059   0.00604
  79.00     0.03994   0.00483   0.00034   0.00623

1                                                      P T O L E M Y
          ANALYZING POWERS FOR THE  >>>> INCOMING <<<<  CHANNEL
028Si(d,p)29Si(0.0 1/2+)                        12.00 MEV                                                                      
0  C.M.       iT11       T20       T21       T22
  ANGLE

  80.00     0.02974   0.00502   0.00010   0.00637
  81.00     0.01971   0.00517  -0.00013   0.00646
  82.00     0.00971   0.00526  -0.00036   0.00651
  83.00    -0.00038   0.00531  -0.00058   0.00652
  84.00    -0.01068   0.00532  -0.00081   0.00649
  85.00    -0.02131   0.00529  -0.00105   0.00642
  86.00    -0.03241   0.00521  -0.00130   0.00631
  87.00    -0.04411   0.00508  -0.00156   0.00615
  88.00    -0.05657   0.00489  -0.00184   0.00593
  89.00    -0.06998   0.00464  -0.00214   0.00564

  90.00    -0.08456   0.00430  -0.00247   0.00527
1                                                      P T O L E M Y
          ANALYZING POWERS FOR THE  >>>> OUTGOING <<<<  CHANNEL
028Si(d,p)29Si(0.0 1/2+)                        24.52 MEV                                                                      
0  C.M.       iT11
  ANGLE

   0.00     0.00000
   1.00    -0.00001
   2.00    -0.00005
   3.00    -0.00015
   4.00    -0.00028
   5.00    -0.00039
   6.00    -0.00041
   7.00    -0.00022
   8.00     0.00026
   9.00     0.00114

  10.00     0.00247
  11.00     0.00427
  12.00     0.00644
  13.00     0.00887
  14.00     0.01138
  15.00     0.01381
  16.00     0.01605
  17.00     0.01801
  18.00     0.01964
  19.00     0.02095

  20.00     0.02194
  21.00     0.02263
  22.00     0.02303
  23.00     0.02317
  24.00     0.02307
  25.00     0.02275
  26.00     0.02220
  27.00     0.02145
  28.00     0.02050
  29.00     0.01937

  30.00     0.01806
  31.00     0.01662
  32.00     0.01510
  33.00     0.01358
  34.00     0.01226
  35.00     0.01146
  36.00     0.01183
  37.00     0.01462
  38.00     0.02238
  39.00     0.04038

1                                                      P T O L E M Y
          ANALYZING POWERS FOR THE  >>>> OUTGOING <<<<  CHANNEL
028Si(d,p)29Si(0.0 1/2+)                        24.52 MEV                                                                      
0  C.M.       iT11
  ANGLE

  40.00     0.07934
  41.00     0.15707
  42.00     0.28129
  43.00     0.39197
  44.00     0.40415
  45.00     0.34854
  46.00     0.28553
  47.00     0.23501
  48.00     0.19730
  49.00     0.16907

  50.00     0.14741
  51.00     0.13025
  52.00     0.11624
  53.00     0.10447
  54.00     0.09430
  55.00     0.08529
  56.00     0.07714
  57.00     0.06961
  58.00     0.06253
  59.00     0.05576

  60.00     0.04919
  61.00     0.04274
  62.00     0.03632
  63.00     0.02987
  64.00     0.02334
  65.00     0.01665
  66.00     0.00977
  67.00     0.00262
  68.00    -0.00484
  69.00    -0.01269

  70.00    -0.02098
  71.00    -0.02979
  72.00    -0.03920
  73.00    -0.04930
  74.00    -0.06021
  75.00    -0.07204
  76.00    -0.08494
  77.00    -0.09905
  78.00    -0.11456
  79.00    -0.13166

1                                                      P T O L E M Y
          ANALYZING POWERS FOR THE  >>>> OUTGOING <<<<  CHANNEL
028Si(d,p)29Si(0.0 1/2+)                        24.52 MEV                                                                      
0  C.M.       iT11
  ANGLE

  80.00    -0.15056
  81.00    -0.17143
  82.00    -0.19440
  83.00    -0.21943
  84.00    -0.24611
  85.00    -0.27333
  86.00    -0.29857
  87.00    -0.31688
  88.00    -0.31959
  89.00    -0.29394

  90.00    -0.22682
0
0
0CPU TIMES FOR CROSS SECTIONS (SECONDS):
0PRINTING PHASE SHIFTS            0.000
 ELASTIC CROSS SECTIONS           0.002
 BETA'S (SUM ON LI)               0.000
 REACTION CROSS SECTIONS          0.001          (   0.12 MFLOPS =122.213 MFLOP/SEC )
 REACTION ANALYZING POWERS        0.001
 ELASTIC ANALYZING POWERS         0.000
 ALL OTHER TIME                   0.000
 TOTAL TIME                              0.004

0
0INPUT... writens crosssec
 NUMBERED STORAGE OBJECT 121 with     91 elements WRITTEN TO FT15 WITH 5G14.5 FORMAT
0INPUT... end
0               ALLOCATOR STATISTICS
                                        WORDS   KILOBYTES
 ALLOCATOR SIZE:                      6249990   48828.0
 CURRENT UNCOMPRESSED SIZE:             80792     631.2
 CURRENT COMPRESSED SIZE:                6379      49.8
 PEAK COMPRESSED SIZE:                  59420     464.2
0NAME STACK SIZE:                         500
 CURRENT HIGHEST NAME:                    133
 CURRENT NAMES IN USE:                     44
 PEAK NAMES IN USE:                        69
 NUMBER OF ALLOCATOR COMPRESSES:            0


-TOTAL PTOLEMY CPU TIME =   0.26 SECONDS.
